[0.010s] Invoking command in '/home/kalhan/Base_Experiment/ntu_hmrs_ws/build/octomap_msgs': CMAKE_PREFIX_PATH=/opt/ros/humble /usr/bin/cmake /home/kalhan/Base_Experiment/ntu_hmrs_ws/src/octomap2/octomap_msgs -DAMENT_CMAKE_SYMLINK_INSTALL=1 -DCMAKE_INSTALL_PREFIX=/home/kalhan/Base_Experiment/ntu_hmrs_ws/install/octomap_msgs
[0.053s] -- The C compiler identification is GNU 11.4.0
[0.095s] -- The CXX compiler identification is GNU 11.4.0
[0.100s] -- Detecting C compiler ABI info
[0.151s] -- Detecting C compiler ABI info - done
[0.158s] -- Check for working C compiler: /usr/bin/cc - skipped
[0.159s] -- Detecting C compile features
[0.159s] -- Detecting C compile features - done
[0.161s] -- Detecting CXX compiler ABI info
[0.215s] -- Detecting CXX compiler ABI info - done
[0.220s] -- Check for working CXX compiler: /usr/bin/c++ - skipped
[0.220s] -- Detecting CXX compile features
[0.221s] -- Detecting CXX compile features - done
[0.222s] -- Found ament_cmake: 1.3.10 (/opt/ros/humble/share/ament_cmake/cmake)
[0.334s] -- Found Python3: /usr/bin/python3 (found version "3.10.12") found components: Interpreter 
[0.377s] -- Override CMake install command with custom implementation using symlinks instead of copying resources
[0.395s] -- Found rosidl_default_generators: 1.2.0 (/opt/ros/humble/share/rosidl_default_generators/cmake)
[0.398s] -- Using all available rosidl_typesupport_c: rosidl_typesupport_fastrtps_c;rosidl_typesupport_introspection_c
[0.404s] -- Found rosidl_adapter: 3.1.5 (/opt/ros/humble/share/rosidl_adapter/cmake)
[0.432s] -- Using all available rosidl_typesupport_cpp: rosidl_typesupport_fastrtps_cpp;rosidl_typesupport_introspection_cpp
[0.453s] -- Found std_msgs: 4.2.4 (/opt/ros/humble/share/std_msgs/cmake)
[0.470s] -- Found geometry_msgs: 4.2.4 (/opt/ros/humble/share/geometry_msgs/cmake)
[0.686s] -- Found ament_cmake_ros: 0.10.0 (/opt/ros/humble/share/ament_cmake_ros/cmake)
[0.865s] -- Using all available rosidl_typesupport_c: rosidl_typesupport_fastrtps_c;rosidl_typesupport_introspection_c
[1.122s] -- Using all available rosidl_typesupport_cpp: rosidl_typesupport_fastrtps_cpp;rosidl_typesupport_introspection_cpp
[1.140s] -- Found PythonInterp: /usr/bin/python3 (found suitable version "3.10.12", minimum required is "3.6") 
[1.141s] -- Found python_cmake_module: 0.10.0 (/opt/ros/humble/share/python_cmake_module/cmake)
[1.159s] -- Found PythonLibs: /usr/lib/x86_64-linux-gnu/libpython3.10.so (found suitable version "3.10.12", minimum required is "3.5") 
[1.159s] -- Using PYTHON_EXECUTABLE: /usr/bin/python3
[1.159s] -- Using PYTHON_INCLUDE_DIRS: /usr/include/python3.10
[1.159s] -- Using PYTHON_LIBRARIES: /usr/lib/x86_64-linux-gnu/libpython3.10.so
[1.174s] -- Found PythonExtra: .so  
[1.220s] -- Configuring done
[1.243s] -- Generating done
[1.244s] -- Build files have been written to: /home/kalhan/Base_Experiment/ntu_hmrs_ws/build/octomap_msgs
[1.248s] Invoked command in '/home/kalhan/Base_Experiment/ntu_hmrs_ws/build/octomap_msgs' returned '0': CMAKE_PREFIX_PATH=/opt/ros/humble /usr/bin/cmake /home/kalhan/Base_Experiment/ntu_hmrs_ws/src/octomap2/octomap_msgs -DAMENT_CMAKE_SYMLINK_INSTALL=1 -DCMAKE_INSTALL_PREFIX=/home/kalhan/Base_Experiment/ntu_hmrs_ws/install/octomap_msgs
[1.250s] Invoking command in '/home/kalhan/Base_Experiment/ntu_hmrs_ws/build/octomap_msgs': CMAKE_PREFIX_PATH=/opt/ros/humble /usr/bin/cmake --build /home/kalhan/Base_Experiment/ntu_hmrs_ws/build/octomap_msgs -- -j32 -l32
[1.282s] [  1%] [34m[1mGenerating C code for ROS interfaces[0m
[1.289s] [  3%] [34m[1mGenerating C++ code for ROS interfaces[0m
[1.293s] [  3%] Built target ament_cmake_python_symlink_octomap_msgs
[1.446s] running egg_info
[1.446s] creating octomap_msgs.egg-info
[1.446s] writing octomap_msgs.egg-info/PKG-INFO
[1.447s] writing dependency_links to octomap_msgs.egg-info/dependency_links.txt
[1.447s] writing top-level names to octomap_msgs.egg-info/top_level.txt
[1.447s] writing manifest file 'octomap_msgs.egg-info/SOURCES.txt'
[1.448s] reading manifest file 'octomap_msgs.egg-info/SOURCES.txt'
[1.448s] writing manifest file 'octomap_msgs.egg-info/SOURCES.txt'
[1.465s] [  3%] Built target ament_cmake_python_build_octomap_msgs_egg
[1.608s] [  3%] Built target octomap_msgs__cpp
[1.616s] [  5%] [34m[1mGenerating C++ type support for eProsima Fast-RTPS[0m
[1.617s] [  7%] [34m[1mGenerating C++ type support dispatch for ROS interfaces[0m
[1.618s] [  9%] [34m[1mGenerating C++ introspection for ROS interfaces[0m
[1.655s] [ 10%] [32mBuilding C object CMakeFiles/octomap_msgs__rosidl_generator_c.dir/rosidl_generator_c/octomap_msgs/msg/detail/octomap_with_pose__functions.c.o[0m
[1.655s] [ 12%] [32mBuilding C object CMakeFiles/octomap_msgs__rosidl_generator_c.dir/rosidl_generator_c/octomap_msgs/srv/detail/bounding_box_query__functions.c.o[0m
[1.656s] [ 14%] [32mBuilding C object CMakeFiles/octomap_msgs__rosidl_generator_c.dir/rosidl_generator_c/octomap_msgs/msg/detail/octomap__functions.c.o[0m
[1.658s] [ 16%] [32mBuilding C object CMakeFiles/octomap_msgs__rosidl_generator_c.dir/rosidl_generator_c/octomap_msgs/srv/detail/get_octomap__functions.c.o[0m
[1.698s] [ 18%] [32m[1mLinking C shared library liboctomap_msgs__rosidl_generator_c.so[0m
[1.731s] [ 18%] Built target octomap_msgs__rosidl_generator_c
[1.741s] [ 23%] [34m[1mGenerating C type support dispatch for ROS interfaces[0m
[1.741s] [ 23%] [34m[1mGenerating C introspection for ROS interfaces[0m
[1.741s] [ 23%] [34m[1mGenerating C type support for eProsima Fast-RTPS[0m
[1.929s] [ 25%] [32mBuilding CXX object CMakeFiles/octomap_msgs__rosidl_typesupport_fastrtps_cpp.dir/rosidl_typesupport_fastrtps_cpp/octomap_msgs/srv/detail/dds_fastrtps/bounding_box_query__type_support.cpp.o[0m
[1.929s] [ 27%] [32mBuilding CXX object CMakeFiles/octomap_msgs__rosidl_typesupport_fastrtps_cpp.dir/rosidl_typesupport_fastrtps_cpp/octomap_msgs/msg/detail/dds_fastrtps/octomap_with_pose__type_support.cpp.o[0m
[1.930s] [ 29%] [32mBuilding CXX object CMakeFiles/octomap_msgs__rosidl_typesupport_fastrtps_cpp.dir/rosidl_typesupport_fastrtps_cpp/octomap_msgs/msg/detail/dds_fastrtps/octomap__type_support.cpp.o[0m
[1.931s] [ 30%] [32mBuilding CXX object CMakeFiles/octomap_msgs__rosidl_typesupport_fastrtps_cpp.dir/rosidl_typesupport_fastrtps_cpp/octomap_msgs/srv/detail/dds_fastrtps/get_octomap__type_support.cpp.o[0m
[2.015s] [ 32%] [32mBuilding CXX object CMakeFiles/octomap_msgs__rosidl_typesupport_c.dir/rosidl_typesupport_c/octomap_msgs/msg/octomap__type_support.cpp.o[0m
[2.015s] [ 36%] [32mBuilding CXX object CMakeFiles/octomap_msgs__rosidl_typesupport_c.dir/rosidl_typesupport_c/octomap_msgs/msg/octomap_with_pose__type_support.cpp.o[0m
[2.015s] [ 36%] [32mBuilding CXX object CMakeFiles/octomap_msgs__rosidl_typesupport_c.dir/rosidl_typesupport_c/octomap_msgs/srv/bounding_box_query__type_support.cpp.o[0m
[2.015s] [ 38%] [32mBuilding CXX object CMakeFiles/octomap_msgs__rosidl_typesupport_c.dir/rosidl_typesupport_c/octomap_msgs/srv/get_octomap__type_support.cpp.o[0m
[2.020s] [ 43%] [32mBuilding CXX object CMakeFiles/octomap_msgs__rosidl_typesupport_cpp.dir/rosidl_typesupport_cpp/octomap_msgs/srv/get_octomap__type_support.cpp.o[0m
[2.020s] [ 43%] [32mBuilding CXX object CMakeFiles/octomap_msgs__rosidl_typesupport_cpp.dir/rosidl_typesupport_cpp/octomap_msgs/msg/octomap__type_support.cpp.o[0m
[2.020s] [ 43%] [32mBuilding CXX object CMakeFiles/octomap_msgs__rosidl_typesupport_cpp.dir/rosidl_typesupport_cpp/octomap_msgs/msg/octomap_with_pose__type_support.cpp.o[0m
[2.020s] [ 45%] [32mBuilding CXX object CMakeFiles/octomap_msgs__rosidl_typesupport_cpp.dir/rosidl_typesupport_cpp/octomap_msgs/srv/bounding_box_query__type_support.cpp.o[0m
[2.048s] [ 47%] [32m[1mLinking CXX shared library liboctomap_msgs__rosidl_typesupport_c.so[0m
[2.081s] [ 49%] [32mBuilding CXX object CMakeFiles/octomap_msgs__rosidl_typesupport_introspection_cpp.dir/rosidl_typesupport_introspection_cpp/octomap_msgs/msg/detail/octomap__type_support.cpp.o[0m
[2.084s] [ 50%] [32mBuilding CXX object CMakeFiles/octomap_msgs__rosidl_typesupport_introspection_cpp.dir/rosidl_typesupport_introspection_cpp/octomap_msgs/srv/detail/get_octomap__type_support.cpp.o[0m
[2.088s] [ 52%] [32mBuilding C object CMakeFiles/octomap_msgs__rosidl_typesupport_introspection_c.dir/rosidl_typesupport_introspection_c/octomap_msgs/msg/detail/octomap__type_support.c.o[0m
[2.089s] [ 54%] [32mBuilding CXX object CMakeFiles/octomap_msgs__rosidl_typesupport_introspection_cpp.dir/rosidl_typesupport_introspection_cpp/octomap_msgs/msg/detail/octomap_with_pose__type_support.cpp.o[0m
[2.091s] [ 56%] [32mBuilding CXX object CMakeFiles/octomap_msgs__rosidl_typesupport_introspection_cpp.dir/rosidl_typesupport_introspection_cpp/octomap_msgs/srv/detail/bounding_box_query__type_support.cpp.o[0m
[2.091s] [ 58%] [32mBuilding C object CMakeFiles/octomap_msgs__rosidl_typesupport_introspection_c.dir/rosidl_typesupport_introspection_c/octomap_msgs/srv/detail/bounding_box_query__type_support.c.o[0m
[2.095s] [ 58%] Built target octomap_msgs__rosidl_typesupport_c
[2.098s] [ 60%] [32mBuilding C object CMakeFiles/octomap_msgs__rosidl_typesupport_introspection_c.dir/rosidl_typesupport_introspection_c/octomap_msgs/msg/detail/octomap_with_pose__type_support.c.o[0m
[2.098s] [ 61%] [32mBuilding C object CMakeFiles/octomap_msgs__rosidl_typesupport_introspection_c.dir/rosidl_typesupport_introspection_c/octomap_msgs/srv/detail/get_octomap__type_support.c.o[0m
[2.156s] [ 63%] [32m[1mLinking C shared library liboctomap_msgs__rosidl_typesupport_introspection_c.so[0m
[2.205s] [ 63%] Built target octomap_msgs__rosidl_typesupport_introspection_c
[2.237s] [ 65%] [32mBuilding CXX object CMakeFiles/octomap_msgs__rosidl_typesupport_fastrtps_c.dir/rosidl_typesupport_fastrtps_c/octomap_msgs/msg/detail/octomap__type_support_c.cpp.o[0m
[2.238s] [ 67%] [32mBuilding CXX object CMakeFiles/octomap_msgs__rosidl_typesupport_fastrtps_c.dir/rosidl_typesupport_fastrtps_c/octomap_msgs/msg/detail/octomap_with_pose__type_support_c.cpp.o[0m
[2.238s] [ 69%] [32mBuilding CXX object CMakeFiles/octomap_msgs__rosidl_typesupport_fastrtps_c.dir/rosidl_typesupport_fastrtps_c/octomap_msgs/srv/detail/bounding_box_query__type_support_c.cpp.o[0m
[2.249s] [ 70%] [32mBuilding CXX object CMakeFiles/octomap_msgs__rosidl_typesupport_fastrtps_c.dir/rosidl_typesupport_fastrtps_c/octomap_msgs/srv/detail/get_octomap__type_support_c.cpp.o[0m
[2.348s] [ 72%] [32m[1mLinking CXX shared library liboctomap_msgs__rosidl_typesupport_cpp.so[0m
[2.371s] [ 74%] [32m[1mLinking CXX shared library liboctomap_msgs__rosidl_typesupport_fastrtps_cpp.so[0m
[2.390s] [ 74%] Built target octomap_msgs__rosidl_typesupport_cpp
[2.447s] [ 74%] Built target octomap_msgs__rosidl_typesupport_fastrtps_cpp
[2.546s] [ 76%] [32m[1mLinking CXX shared library liboctomap_msgs__rosidl_typesupport_fastrtps_c.so[0m
[2.547s] [ 78%] [32m[1mLinking CXX shared library liboctomap_msgs__rosidl_typesupport_introspection_cpp.so[0m
[2.600s] [ 78%] Built target octomap_msgs__rosidl_typesupport_introspection_cpp
[2.601s] [ 78%] Built target octomap_msgs__rosidl_typesupport_fastrtps_c
[2.617s] [ 78%] Built target octomap_msgs
[2.634s] [ 80%] [34m[1mGenerating Python code for ROS interfaces[0m
[3.150s] [ 80%] Built target octomap_msgs__py
[3.167s] [ 81%] [32mBuilding C object CMakeFiles/octomap_msgs__rosidl_generator_py.dir/rosidl_generator_py/octomap_msgs/msg/_octomap_with_pose_s.c.o[0m
[3.167s] [ 85%] [32mBuilding C object CMakeFiles/octomap_msgs__rosidl_generator_py.dir/rosidl_generator_py/octomap_msgs/msg/_octomap_s.c.o[0m
[3.167s] [ 85%] [32mBuilding C object CMakeFiles/octomap_msgs__rosidl_generator_py.dir/rosidl_generator_py/octomap_msgs/srv/_bounding_box_query_s.c.o[0m
[3.167s] [ 87%] [32mBuilding C object CMakeFiles/octomap_msgs__rosidl_generator_py.dir/rosidl_generator_py/octomap_msgs/srv/_get_octomap_s.c.o[0m
[3.261s] [ 89%] [32m[1mLinking C shared library rosidl_generator_py/octomap_msgs/liboctomap_msgs__rosidl_generator_py.so[0m
[3.295s] [ 89%] Built target octomap_msgs__rosidl_generator_py
[3.309s] [ 90%] [32mBuilding C object CMakeFiles/octomap_msgs__rosidl_typesupport_fastrtps_c__pyext.dir/rosidl_generator_py/octomap_msgs/_octomap_msgs_s.ep.rosidl_typesupport_fastrtps_c.c.o[0m
[3.311s] [ 92%] [32mBuilding C object CMakeFiles/octomap_msgs__rosidl_typesupport_introspection_c__pyext.dir/rosidl_generator_py/octomap_msgs/_octomap_msgs_s.ep.rosidl_typesupport_introspection_c.c.o[0m
[3.311s] [ 94%] [32mBuilding C object CMakeFiles/octomap_msgs__rosidl_typesupport_c__pyext.dir/rosidl_generator_py/octomap_msgs/_octomap_msgs_s.ep.rosidl_typesupport_c.c.o[0m
[3.385s] [ 98%] [32m[1mLinking C shared library rosidl_generator_py/octomap_msgs/octomap_msgs_s__rosidl_typesupport_introspection_c.cpython-310-x86_64-linux-gnu.so[0m
[3.385s] [ 98%] [32m[1mLinking C shared library rosidl_generator_py/octomap_msgs/octomap_msgs_s__rosidl_typesupport_fastrtps_c.cpython-310-x86_64-linux-gnu.so[0m
[3.386s] [100%] [32m[1mLinking C shared library rosidl_generator_py/octomap_msgs/octomap_msgs_s__rosidl_typesupport_c.cpython-310-x86_64-linux-gnu.so[0m
[3.414s] [100%] Built target octomap_msgs__rosidl_typesupport_fastrtps_c__pyext
[3.419s] [100%] Built target octomap_msgs__rosidl_typesupport_c__pyext
[3.420s] [100%] Built target octomap_msgs__rosidl_typesupport_introspection_c__pyext
[3.429s] Invoked command in '/home/kalhan/Base_Experiment/ntu_hmrs_ws/build/octomap_msgs' returned '0': CMAKE_PREFIX_PATH=/opt/ros/humble /usr/bin/cmake --build /home/kalhan/Base_Experiment/ntu_hmrs_ws/build/octomap_msgs -- -j32 -l32
[3.514s] Invoking command in '/home/kalhan/Base_Experiment/ntu_hmrs_ws/build/octomap_msgs': CMAKE_PREFIX_PATH=/opt/ros/humble /usr/bin/cmake --install /home/kalhan/Base_Experiment/ntu_hmrs_ws/build/octomap_msgs
[3.520s] -- Install configuration: ""
[3.521s] -- Execute custom install script
[3.521s] -- Symlinking: /home/kalhan/Base_Experiment/ntu_hmrs_ws/install/octomap_msgs/share/ament_index/resource_index/rosidl_interfaces/octomap_msgs
[3.527s] -- Symlinking: /home/kalhan/Base_Experiment/ntu_hmrs_ws/install/octomap_msgs/include/octomap_msgs/octomap_msgs/msg/detail/octomap__functions.h
[3.533s] -- Symlinking: /home/kalhan/Base_Experiment/ntu_hmrs_ws/install/octomap_msgs/include/octomap_msgs/octomap_msgs/msg/detail/octomap__struct.h
[3.539s] -- Symlinking: /home/kalhan/Base_Experiment/ntu_hmrs_ws/install/octomap_msgs/include/octomap_msgs/octomap_msgs/msg/detail/octomap__type_support.h
[3.545s] -- Symlinking: /home/kalhan/Base_Experiment/ntu_hmrs_ws/install/octomap_msgs/include/octomap_msgs/octomap_msgs/msg/detail/octomap_with_pose__functions.h
[3.552s] -- Symlinking: /home/kalhan/Base_Experiment/ntu_hmrs_ws/install/octomap_msgs/include/octomap_msgs/octomap_msgs/msg/detail/octomap_with_pose__struct.h
[3.559s] -- Symlinking: /home/kalhan/Base_Experiment/ntu_hmrs_ws/install/octomap_msgs/include/octomap_msgs/octomap_msgs/msg/detail/octomap_with_pose__type_support.h
[3.564s] -- Symlinking: /home/kalhan/Base_Experiment/ntu_hmrs_ws/install/octomap_msgs/include/octomap_msgs/octomap_msgs/msg/octomap.h
[3.570s] -- Symlinking: /home/kalhan/Base_Experiment/ntu_hmrs_ws/install/octomap_msgs/include/octomap_msgs/octomap_msgs/msg/octomap_with_pose.h
[3.575s] -- Symlinking: /home/kalhan/Base_Experiment/ntu_hmrs_ws/install/octomap_msgs/include/octomap_msgs/octomap_msgs/msg/rosidl_generator_c__visibility_control.h
[3.581s] -- Symlinking: /home/kalhan/Base_Experiment/ntu_hmrs_ws/install/octomap_msgs/include/octomap_msgs/octomap_msgs/srv/bounding_box_query.h
[3.587s] -- Symlinking: /home/kalhan/Base_Experiment/ntu_hmrs_ws/install/octomap_msgs/include/octomap_msgs/octomap_msgs/srv/detail/bounding_box_query__functions.h
[3.593s] -- Symlinking: /home/kalhan/Base_Experiment/ntu_hmrs_ws/install/octomap_msgs/include/octomap_msgs/octomap_msgs/srv/detail/bounding_box_query__struct.h
[3.600s] -- Symlinking: /home/kalhan/Base_Experiment/ntu_hmrs_ws/install/octomap_msgs/include/octomap_msgs/octomap_msgs/srv/detail/bounding_box_query__type_support.h
[3.607s] -- Symlinking: /home/kalhan/Base_Experiment/ntu_hmrs_ws/install/octomap_msgs/include/octomap_msgs/octomap_msgs/srv/detail/get_octomap__functions.h
[3.613s] -- Symlinking: /home/kalhan/Base_Experiment/ntu_hmrs_ws/install/octomap_msgs/include/octomap_msgs/octomap_msgs/srv/detail/get_octomap__struct.h
[3.619s] -- Symlinking: /home/kalhan/Base_Experiment/ntu_hmrs_ws/install/octomap_msgs/include/octomap_msgs/octomap_msgs/srv/detail/get_octomap__type_support.h
[3.624s] -- Symlinking: /home/kalhan/Base_Experiment/ntu_hmrs_ws/install/octomap_msgs/include/octomap_msgs/octomap_msgs/srv/get_octomap.h
[3.630s] -- Symlinking: /home/kalhan/Base_Experiment/ntu_hmrs_ws/install/octomap_msgs/share/octomap_msgs/environment/library_path.sh
[3.636s] -- Symlinking: /home/kalhan/Base_Experiment/ntu_hmrs_ws/install/octomap_msgs/share/octomap_msgs/environment/library_path.dsv
[3.642s] -- Symlinking: /home/kalhan/Base_Experiment/ntu_hmrs_ws/install/octomap_msgs/include/octomap_msgs/octomap_msgs/msg/detail/octomap__rosidl_typesupport_fastrtps_c.h
[3.647s] -- Symlinking: /home/kalhan/Base_Experiment/ntu_hmrs_ws/install/octomap_msgs/include/octomap_msgs/octomap_msgs/msg/detail/octomap_with_pose__rosidl_typesupport_fastrtps_c.h
[3.653s] -- Symlinking: /home/kalhan/Base_Experiment/ntu_hmrs_ws/install/octomap_msgs/include/octomap_msgs/octomap_msgs/msg/rosidl_typesupport_fastrtps_c__visibility_control.h
[3.658s] -- Symlinking: /home/kalhan/Base_Experiment/ntu_hmrs_ws/install/octomap_msgs/include/octomap_msgs/octomap_msgs/srv/detail/bounding_box_query__rosidl_typesupport_fastrtps_c.h
[3.663s] -- Symlinking: /home/kalhan/Base_Experiment/ntu_hmrs_ws/install/octomap_msgs/include/octomap_msgs/octomap_msgs/srv/detail/get_octomap__rosidl_typesupport_fastrtps_c.h
[3.669s] -- Symlinking: /home/kalhan/Base_Experiment/ntu_hmrs_ws/install/octomap_msgs/include/octomap_msgs/octomap_msgs/msg/detail/octomap__rosidl_typesupport_introspection_c.h
[3.676s] -- Symlinking: /home/kalhan/Base_Experiment/ntu_hmrs_ws/install/octomap_msgs/include/octomap_msgs/octomap_msgs/msg/detail/octomap_with_pose__rosidl_typesupport_introspection_c.h
[3.682s] -- Symlinking: /home/kalhan/Base_Experiment/ntu_hmrs_ws/install/octomap_msgs/include/octomap_msgs/octomap_msgs/msg/rosidl_typesupport_introspection_c__visibility_control.h
[3.688s] -- Symlinking: /home/kalhan/Base_Experiment/ntu_hmrs_ws/install/octomap_msgs/include/octomap_msgs/octomap_msgs/srv/detail/bounding_box_query__rosidl_typesupport_introspection_c.h
[3.693s] -- Symlinking: /home/kalhan/Base_Experiment/ntu_hmrs_ws/install/octomap_msgs/include/octomap_msgs/octomap_msgs/srv/detail/get_octomap__rosidl_typesupport_introspection_c.h
[3.699s] -- Symlinking: /home/kalhan/Base_Experiment/ntu_hmrs_ws/install/octomap_msgs/include/octomap_msgs/octomap_msgs/msg/detail/octomap__builder.hpp
[3.705s] -- Symlinking: /home/kalhan/Base_Experiment/ntu_hmrs_ws/install/octomap_msgs/include/octomap_msgs/octomap_msgs/msg/detail/octomap__struct.hpp
[3.710s] -- Symlinking: /home/kalhan/Base_Experiment/ntu_hmrs_ws/install/octomap_msgs/include/octomap_msgs/octomap_msgs/msg/detail/octomap__traits.hpp
[3.717s] -- Symlinking: /home/kalhan/Base_Experiment/ntu_hmrs_ws/install/octomap_msgs/include/octomap_msgs/octomap_msgs/msg/detail/octomap_with_pose__builder.hpp
[3.723s] -- Symlinking: /home/kalhan/Base_Experiment/ntu_hmrs_ws/install/octomap_msgs/include/octomap_msgs/octomap_msgs/msg/detail/octomap_with_pose__struct.hpp
[3.730s] -- Symlinking: /home/kalhan/Base_Experiment/ntu_hmrs_ws/install/octomap_msgs/include/octomap_msgs/octomap_msgs/msg/detail/octomap_with_pose__traits.hpp
[3.737s] -- Symlinking: /home/kalhan/Base_Experiment/ntu_hmrs_ws/install/octomap_msgs/include/octomap_msgs/octomap_msgs/msg/octomap.hpp
[3.743s] -- Symlinking: /home/kalhan/Base_Experiment/ntu_hmrs_ws/install/octomap_msgs/include/octomap_msgs/octomap_msgs/msg/octomap_with_pose.hpp
[3.749s] -- Symlinking: /home/kalhan/Base_Experiment/ntu_hmrs_ws/install/octomap_msgs/include/octomap_msgs/octomap_msgs/srv/bounding_box_query.hpp
[3.756s] -- Symlinking: /home/kalhan/Base_Experiment/ntu_hmrs_ws/install/octomap_msgs/include/octomap_msgs/octomap_msgs/srv/detail/bounding_box_query__builder.hpp
[3.760s] -- Symlinking: /home/kalhan/Base_Experiment/ntu_hmrs_ws/install/octomap_msgs/include/octomap_msgs/octomap_msgs/srv/detail/bounding_box_query__struct.hpp
[3.765s] -- Symlinking: /home/kalhan/Base_Experiment/ntu_hmrs_ws/install/octomap_msgs/include/octomap_msgs/octomap_msgs/srv/detail/bounding_box_query__traits.hpp
[3.773s] -- Symlinking: /home/kalhan/Base_Experiment/ntu_hmrs_ws/install/octomap_msgs/include/octomap_msgs/octomap_msgs/srv/detail/get_octomap__builder.hpp
[3.780s] -- Symlinking: /home/kalhan/Base_Experiment/ntu_hmrs_ws/install/octomap_msgs/include/octomap_msgs/octomap_msgs/srv/detail/get_octomap__struct.hpp
[3.787s] -- Symlinking: /home/kalhan/Base_Experiment/ntu_hmrs_ws/install/octomap_msgs/include/octomap_msgs/octomap_msgs/srv/detail/get_octomap__traits.hpp
[3.793s] -- Symlinking: /home/kalhan/Base_Experiment/ntu_hmrs_ws/install/octomap_msgs/include/octomap_msgs/octomap_msgs/srv/get_octomap.hpp
[3.798s] -- Symlinking: /home/kalhan/Base_Experiment/ntu_hmrs_ws/install/octomap_msgs/include/octomap_msgs/octomap_msgs/msg/detail/octomap__rosidl_typesupport_fastrtps_cpp.hpp
[3.805s] -- Symlinking: /home/kalhan/Base_Experiment/ntu_hmrs_ws/install/octomap_msgs/include/octomap_msgs/octomap_msgs/msg/detail/octomap_with_pose__rosidl_typesupport_fastrtps_cpp.hpp
[3.813s] -- Symlinking: /home/kalhan/Base_Experiment/ntu_hmrs_ws/install/octomap_msgs/include/octomap_msgs/octomap_msgs/msg/rosidl_typesupport_fastrtps_cpp__visibility_control.h
[3.820s] -- Symlinking: /home/kalhan/Base_Experiment/ntu_hmrs_ws/install/octomap_msgs/include/octomap_msgs/octomap_msgs/srv/detail/bounding_box_query__rosidl_typesupport_fastrtps_cpp.hpp
[3.827s] -- Symlinking: /home/kalhan/Base_Experiment/ntu_hmrs_ws/install/octomap_msgs/include/octomap_msgs/octomap_msgs/srv/detail/get_octomap__rosidl_typesupport_fastrtps_cpp.hpp
[3.834s] -- Symlinking: /home/kalhan/Base_Experiment/ntu_hmrs_ws/install/octomap_msgs/include/octomap_msgs/octomap_msgs/msg/detail/octomap__rosidl_typesupport_introspection_cpp.hpp
[3.840s] -- Symlinking: /home/kalhan/Base_Experiment/ntu_hmrs_ws/install/octomap_msgs/include/octomap_msgs/octomap_msgs/msg/detail/octomap_with_pose__rosidl_typesupport_introspection_cpp.hpp
[3.846s] -- Symlinking: /home/kalhan/Base_Experiment/ntu_hmrs_ws/install/octomap_msgs/include/octomap_msgs/octomap_msgs/srv/detail/bounding_box_query__rosidl_typesupport_introspection_cpp.hpp
[3.853s] -- Symlinking: /home/kalhan/Base_Experiment/ntu_hmrs_ws/install/octomap_msgs/include/octomap_msgs/octomap_msgs/srv/detail/get_octomap__rosidl_typesupport_introspection_cpp.hpp
[3.860s] -- Symlinking: /home/kalhan/Base_Experiment/ntu_hmrs_ws/install/octomap_msgs/share/octomap_msgs/environment/pythonpath.sh
[3.866s] -- Symlinking: /home/kalhan/Base_Experiment/ntu_hmrs_ws/install/octomap_msgs/share/octomap_msgs/environment/pythonpath.dsv
[3.872s] -- Symlinking: /home/kalhan/Base_Experiment/ntu_hmrs_ws/install/octomap_msgs/local/lib/python3.10/dist-packages/octomap_msgs-2.0.1-py3.10.egg-info/PKG-INFO
[3.878s] -- Symlinking: /home/kalhan/Base_Experiment/ntu_hmrs_ws/install/octomap_msgs/local/lib/python3.10/dist-packages/octomap_msgs-2.0.1-py3.10.egg-info/SOURCES.txt
[3.884s] -- Symlinking: /home/kalhan/Base_Experiment/ntu_hmrs_ws/install/octomap_msgs/local/lib/python3.10/dist-packages/octomap_msgs-2.0.1-py3.10.egg-info/dependency_links.txt
[3.889s] -- Symlinking: /home/kalhan/Base_Experiment/ntu_hmrs_ws/install/octomap_msgs/local/lib/python3.10/dist-packages/octomap_msgs-2.0.1-py3.10.egg-info/top_level.txt
[3.896s] -- Symlinking: /home/kalhan/Base_Experiment/ntu_hmrs_ws/install/octomap_msgs/local/lib/python3.10/dist-packages/octomap_msgs/__init__.py
[3.903s] -- Symlinking: /home/kalhan/Base_Experiment/ntu_hmrs_ws/install/octomap_msgs/local/lib/python3.10/dist-packages/octomap_msgs/_octomap_msgs_s.ep.rosidl_typesupport_c.c
[3.910s] -- Symlinking: /home/kalhan/Base_Experiment/ntu_hmrs_ws/install/octomap_msgs/local/lib/python3.10/dist-packages/octomap_msgs/_octomap_msgs_s.ep.rosidl_typesupport_fastrtps_c.c
[3.916s] -- Symlinking: /home/kalhan/Base_Experiment/ntu_hmrs_ws/install/octomap_msgs/local/lib/python3.10/dist-packages/octomap_msgs/_octomap_msgs_s.ep.rosidl_typesupport_introspection_c.c
[3.923s] -- Symlinking: /home/kalhan/Base_Experiment/ntu_hmrs_ws/install/octomap_msgs/local/lib/python3.10/dist-packages/octomap_msgs/liboctomap_msgs__rosidl_generator_py.so
[3.930s] -- Symlinking: /home/kalhan/Base_Experiment/ntu_hmrs_ws/install/octomap_msgs/local/lib/python3.10/dist-packages/octomap_msgs/msg/__init__.py
[3.935s] -- Symlinking: /home/kalhan/Base_Experiment/ntu_hmrs_ws/install/octomap_msgs/local/lib/python3.10/dist-packages/octomap_msgs/msg/_octomap.py
[3.941s] -- Symlinking: /home/kalhan/Base_Experiment/ntu_hmrs_ws/install/octomap_msgs/local/lib/python3.10/dist-packages/octomap_msgs/msg/_octomap_s.c
[3.945s] -- Symlinking: /home/kalhan/Base_Experiment/ntu_hmrs_ws/install/octomap_msgs/local/lib/python3.10/dist-packages/octomap_msgs/msg/_octomap_with_pose.py
[3.950s] -- Symlinking: /home/kalhan/Base_Experiment/ntu_hmrs_ws/install/octomap_msgs/local/lib/python3.10/dist-packages/octomap_msgs/msg/_octomap_with_pose_s.c
[3.956s] -- Symlinking: /home/kalhan/Base_Experiment/ntu_hmrs_ws/install/octomap_msgs/local/lib/python3.10/dist-packages/octomap_msgs/octomap_msgs_s__rosidl_typesupport_c.cpython-310-x86_64-linux-gnu.so
[3.961s] -- Symlinking: /home/kalhan/Base_Experiment/ntu_hmrs_ws/install/octomap_msgs/local/lib/python3.10/dist-packages/octomap_msgs/octomap_msgs_s__rosidl_typesupport_fastrtps_c.cpython-310-x86_64-linux-gnu.so
[3.968s] -- Symlinking: /home/kalhan/Base_Experiment/ntu_hmrs_ws/install/octomap_msgs/local/lib/python3.10/dist-packages/octomap_msgs/octomap_msgs_s__rosidl_typesupport_introspection_c.cpython-310-x86_64-linux-gnu.so
[3.973s] -- Symlinking: /home/kalhan/Base_Experiment/ntu_hmrs_ws/install/octomap_msgs/local/lib/python3.10/dist-packages/octomap_msgs/srv/__init__.py
[3.980s] -- Symlinking: /home/kalhan/Base_Experiment/ntu_hmrs_ws/install/octomap_msgs/local/lib/python3.10/dist-packages/octomap_msgs/srv/_bounding_box_query.py
[3.987s] -- Symlinking: /home/kalhan/Base_Experiment/ntu_hmrs_ws/install/octomap_msgs/local/lib/python3.10/dist-packages/octomap_msgs/srv/_bounding_box_query_s.c
[3.993s] -- Symlinking: /home/kalhan/Base_Experiment/ntu_hmrs_ws/install/octomap_msgs/local/lib/python3.10/dist-packages/octomap_msgs/srv/_get_octomap.py
[3.998s] -- Symlinking: /home/kalhan/Base_Experiment/ntu_hmrs_ws/install/octomap_msgs/local/lib/python3.10/dist-packages/octomap_msgs/srv/_get_octomap_s.c
[4.003s] -- Up-to-date symlink: /home/kalhan/Base_Experiment/ntu_hmrs_ws/install/octomap_msgs/local/lib/python3.10/dist-packages/octomap_msgs/octomap_msgs_s__rosidl_typesupport_fastrtps_c.cpython-310-x86_64-linux-gnu.so
[4.004s] -- Up-to-date symlink: /home/kalhan/Base_Experiment/ntu_hmrs_ws/install/octomap_msgs/local/lib/python3.10/dist-packages/octomap_msgs/octomap_msgs_s__rosidl_typesupport_introspection_c.cpython-310-x86_64-linux-gnu.so
[4.004s] -- Up-to-date symlink: /home/kalhan/Base_Experiment/ntu_hmrs_ws/install/octomap_msgs/local/lib/python3.10/dist-packages/octomap_msgs/octomap_msgs_s__rosidl_typesupport_c.cpython-310-x86_64-linux-gnu.so
[4.004s] -- Symlinking: /home/kalhan/Base_Experiment/ntu_hmrs_ws/install/octomap_msgs/share/octomap_msgs/msg/Octomap.idl
[4.010s] -- Symlinking: /home/kalhan/Base_Experiment/ntu_hmrs_ws/install/octomap_msgs/share/octomap_msgs/msg/OctomapWithPose.idl
[4.017s] -- Symlinking: /home/kalhan/Base_Experiment/ntu_hmrs_ws/install/octomap_msgs/share/octomap_msgs/srv/BoundingBoxQuery.idl
[4.024s] -- Symlinking: /home/kalhan/Base_Experiment/ntu_hmrs_ws/install/octomap_msgs/share/octomap_msgs/srv/GetOctomap.idl
[4.030s] -- Symlinking: /home/kalhan/Base_Experiment/ntu_hmrs_ws/install/octomap_msgs/share/octomap_msgs/msg/Octomap.msg
[4.036s] -- Symlinking: /home/kalhan/Base_Experiment/ntu_hmrs_ws/install/octomap_msgs/share/octomap_msgs/msg/OctomapWithPose.msg
[4.041s] -- Symlinking: /home/kalhan/Base_Experiment/ntu_hmrs_ws/install/octomap_msgs/share/octomap_msgs/srv/BoundingBoxQuery.srv
[4.047s] -- Symlinking: /home/kalhan/Base_Experiment/ntu_hmrs_ws/install/octomap_msgs/share/octomap_msgs/srv/BoundingBoxQuery_Request.msg
[4.053s] -- Symlinking: /home/kalhan/Base_Experiment/ntu_hmrs_ws/install/octomap_msgs/share/octomap_msgs/srv/BoundingBoxQuery_Response.msg
[4.058s] -- Symlinking: /home/kalhan/Base_Experiment/ntu_hmrs_ws/install/octomap_msgs/share/octomap_msgs/srv/GetOctomap.srv
[4.064s] -- Symlinking: /home/kalhan/Base_Experiment/ntu_hmrs_ws/install/octomap_msgs/share/octomap_msgs/srv/GetOctomap_Request.msg
[4.069s] -- Symlinking: /home/kalhan/Base_Experiment/ntu_hmrs_ws/install/octomap_msgs/share/octomap_msgs/srv/GetOctomap_Response.msg
[4.074s] -- Symlinking: /home/kalhan/Base_Experiment/ntu_hmrs_ws/install/octomap_msgs/share/ament_index/resource_index/package_run_dependencies/octomap_msgs
[4.080s] -- Symlinking: /home/kalhan/Base_Experiment/ntu_hmrs_ws/install/octomap_msgs/share/ament_index/resource_index/parent_prefix_path/octomap_msgs
[4.086s] -- Symlinking: /home/kalhan/Base_Experiment/ntu_hmrs_ws/install/octomap_msgs/share/octomap_msgs/environment/ament_prefix_path.sh
[4.092s] -- Symlinking: /home/kalhan/Base_Experiment/ntu_hmrs_ws/install/octomap_msgs/share/octomap_msgs/environment/ament_prefix_path.dsv
[4.097s] -- Symlinking: /home/kalhan/Base_Experiment/ntu_hmrs_ws/install/octomap_msgs/share/octomap_msgs/environment/path.sh
[4.102s] -- Symlinking: /home/kalhan/Base_Experiment/ntu_hmrs_ws/install/octomap_msgs/share/octomap_msgs/environment/path.dsv
[4.108s] -- Symlinking: /home/kalhan/Base_Experiment/ntu_hmrs_ws/install/octomap_msgs/share/octomap_msgs/local_setup.bash
[4.114s] -- Symlinking: /home/kalhan/Base_Experiment/ntu_hmrs_ws/install/octomap_msgs/share/octomap_msgs/local_setup.sh
[4.120s] -- Symlinking: /home/kalhan/Base_Experiment/ntu_hmrs_ws/install/octomap_msgs/share/octomap_msgs/local_setup.zsh
[4.126s] -- Symlinking: /home/kalhan/Base_Experiment/ntu_hmrs_ws/install/octomap_msgs/share/octomap_msgs/local_setup.dsv
[4.131s] -- Symlinking: /home/kalhan/Base_Experiment/ntu_hmrs_ws/install/octomap_msgs/share/octomap_msgs/package.dsv
[4.138s] -- Symlinking: /home/kalhan/Base_Experiment/ntu_hmrs_ws/install/octomap_msgs/share/ament_index/resource_index/packages/octomap_msgs
[4.143s] -- Symlinking: /home/kalhan/Base_Experiment/ntu_hmrs_ws/install/octomap_msgs/share/octomap_msgs/cmake/rosidl_cmake-extras.cmake
[4.150s] -- Symlinking: /home/kalhan/Base_Experiment/ntu_hmrs_ws/install/octomap_msgs/share/octomap_msgs/cmake/ament_cmake_export_dependencies-extras.cmake
[4.156s] -- Symlinking: /home/kalhan/Base_Experiment/ntu_hmrs_ws/install/octomap_msgs/share/octomap_msgs/cmake/ament_cmake_export_include_directories-extras.cmake
[4.160s] -- Symlinking: /home/kalhan/Base_Experiment/ntu_hmrs_ws/install/octomap_msgs/share/octomap_msgs/cmake/ament_cmake_export_libraries-extras.cmake
[4.166s] -- Symlinking: /home/kalhan/Base_Experiment/ntu_hmrs_ws/install/octomap_msgs/share/octomap_msgs/cmake/ament_cmake_export_targets-extras.cmake
[4.172s] -- Symlinking: /home/kalhan/Base_Experiment/ntu_hmrs_ws/install/octomap_msgs/share/octomap_msgs/cmake/rosidl_cmake_export_typesupport_targets-extras.cmake
[4.179s] -- Symlinking: /home/kalhan/Base_Experiment/ntu_hmrs_ws/install/octomap_msgs/share/octomap_msgs/cmake/rosidl_cmake_export_typesupport_libraries-extras.cmake
[4.185s] -- Symlinking: /home/kalhan/Base_Experiment/ntu_hmrs_ws/install/octomap_msgs/share/octomap_msgs/cmake/octomap_msgsConfig.cmake
[4.191s] -- Symlinking: /home/kalhan/Base_Experiment/ntu_hmrs_ws/install/octomap_msgs/share/octomap_msgs/cmake/octomap_msgsConfig-version.cmake
[4.197s] -- Symlinking: /home/kalhan/Base_Experiment/ntu_hmrs_ws/install/octomap_msgs/share/octomap_msgs/package.xml
[4.203s] -- Installing: /home/kalhan/Base_Experiment/ntu_hmrs_ws/install/octomap_msgs/lib/liboctomap_msgs__rosidl_generator_c.so
[4.204s] -- Set runtime path of "/home/kalhan/Base_Experiment/ntu_hmrs_ws/install/octomap_msgs/lib/liboctomap_msgs__rosidl_generator_c.so" to ""
[4.204s] -- Installing: /home/kalhan/Base_Experiment/ntu_hmrs_ws/install/octomap_msgs/lib/liboctomap_msgs__rosidl_typesupport_fastrtps_c.so
[4.204s] -- Set runtime path of "/home/kalhan/Base_Experiment/ntu_hmrs_ws/install/octomap_msgs/lib/liboctomap_msgs__rosidl_typesupport_fastrtps_c.so" to ""
[4.204s] -- Installing: /home/kalhan/Base_Experiment/ntu_hmrs_ws/install/octomap_msgs/lib/liboctomap_msgs__rosidl_typesupport_introspection_c.so
[4.204s] -- Set runtime path of "/home/kalhan/Base_Experiment/ntu_hmrs_ws/install/octomap_msgs/lib/liboctomap_msgs__rosidl_typesupport_introspection_c.so" to ""
[4.204s] -- Installing: /home/kalhan/Base_Experiment/ntu_hmrs_ws/install/octomap_msgs/lib/liboctomap_msgs__rosidl_typesupport_c.so
[4.204s] -- Set runtime path of "/home/kalhan/Base_Experiment/ntu_hmrs_ws/install/octomap_msgs/lib/liboctomap_msgs__rosidl_typesupport_c.so" to ""
[4.204s] -- Installing: /home/kalhan/Base_Experiment/ntu_hmrs_ws/install/octomap_msgs/lib/liboctomap_msgs__rosidl_typesupport_fastrtps_cpp.so
[4.204s] -- Set runtime path of "/home/kalhan/Base_Experiment/ntu_hmrs_ws/install/octomap_msgs/lib/liboctomap_msgs__rosidl_typesupport_fastrtps_cpp.so" to ""
[4.204s] -- Installing: /home/kalhan/Base_Experiment/ntu_hmrs_ws/install/octomap_msgs/lib/liboctomap_msgs__rosidl_typesupport_introspection_cpp.so
[4.204s] -- Set runtime path of "/home/kalhan/Base_Experiment/ntu_hmrs_ws/install/octomap_msgs/lib/liboctomap_msgs__rosidl_typesupport_introspection_cpp.so" to ""
[4.205s] -- Installing: /home/kalhan/Base_Experiment/ntu_hmrs_ws/install/octomap_msgs/lib/liboctomap_msgs__rosidl_typesupport_cpp.so
[4.205s] -- Set runtime path of "/home/kalhan/Base_Experiment/ntu_hmrs_ws/install/octomap_msgs/lib/liboctomap_msgs__rosidl_typesupport_cpp.so" to ""
[4.229s] Listing '/home/kalhan/Base_Experiment/ntu_hmrs_ws/install/octomap_msgs/local/lib/python3.10/dist-packages/octomap_msgs'...
[4.229s] Compiling '/home/kalhan/Base_Experiment/ntu_hmrs_ws/install/octomap_msgs/local/lib/python3.10/dist-packages/octomap_msgs/__init__.py'...
[4.229s] Listing '/home/kalhan/Base_Experiment/ntu_hmrs_ws/install/octomap_msgs/local/lib/python3.10/dist-packages/octomap_msgs/msg'...
[4.229s] Compiling '/home/kalhan/Base_Experiment/ntu_hmrs_ws/install/octomap_msgs/local/lib/python3.10/dist-packages/octomap_msgs/msg/__init__.py'...
[4.229s] Compiling '/home/kalhan/Base_Experiment/ntu_hmrs_ws/install/octomap_msgs/local/lib/python3.10/dist-packages/octomap_msgs/msg/_octomap.py'...
[4.229s] Compiling '/home/kalhan/Base_Experiment/ntu_hmrs_ws/install/octomap_msgs/local/lib/python3.10/dist-packages/octomap_msgs/msg/_octomap_with_pose.py'...
[4.229s] Listing '/home/kalhan/Base_Experiment/ntu_hmrs_ws/install/octomap_msgs/local/lib/python3.10/dist-packages/octomap_msgs/srv'...
[4.229s] Compiling '/home/kalhan/Base_Experiment/ntu_hmrs_ws/install/octomap_msgs/local/lib/python3.10/dist-packages/octomap_msgs/srv/__init__.py'...
[4.229s] Compiling '/home/kalhan/Base_Experiment/ntu_hmrs_ws/install/octomap_msgs/local/lib/python3.10/dist-packages/octomap_msgs/srv/_bounding_box_query.py'...
[4.229s] Compiling '/home/kalhan/Base_Experiment/ntu_hmrs_ws/install/octomap_msgs/local/lib/python3.10/dist-packages/octomap_msgs/srv/_get_octomap.py'...
[4.232s] -- Installing: /home/kalhan/Base_Experiment/ntu_hmrs_ws/install/octomap_msgs/lib/liboctomap_msgs__rosidl_generator_py.so
[4.232s] -- Set runtime path of "/home/kalhan/Base_Experiment/ntu_hmrs_ws/install/octomap_msgs/lib/liboctomap_msgs__rosidl_generator_py.so" to ""
[4.232s] -- Up-to-date: /home/kalhan/Base_Experiment/ntu_hmrs_ws/install/octomap_msgs/include/octomap_msgs
[4.232s] -- Up-to-date: /home/kalhan/Base_Experiment/ntu_hmrs_ws/install/octomap_msgs/include/octomap_msgs/octomap_msgs
[4.232s] -- Installing: /home/kalhan/Base_Experiment/ntu_hmrs_ws/install/octomap_msgs/include/octomap_msgs/octomap_msgs/conversions.h
[4.232s] -- Installing: /home/kalhan/Base_Experiment/ntu_hmrs_ws/install/octomap_msgs/share/octomap_msgs/cmake/export_octomap_msgs__rosidl_generator_cExport.cmake
[4.232s] -- Installing: /home/kalhan/Base_Experiment/ntu_hmrs_ws/install/octomap_msgs/share/octomap_msgs/cmake/export_octomap_msgs__rosidl_generator_cExport-noconfig.cmake
[4.232s] -- Installing: /home/kalhan/Base_Experiment/ntu_hmrs_ws/install/octomap_msgs/share/octomap_msgs/cmake/export_octomap_msgs__rosidl_typesupport_fastrtps_cExport.cmake
[4.233s] -- Installing: /home/kalhan/Base_Experiment/ntu_hmrs_ws/install/octomap_msgs/share/octomap_msgs/cmake/export_octomap_msgs__rosidl_typesupport_fastrtps_cExport-noconfig.cmake
[4.233s] -- Installing: /home/kalhan/Base_Experiment/ntu_hmrs_ws/install/octomap_msgs/share/octomap_msgs/cmake/octomap_msgs__rosidl_typesupport_introspection_cExport.cmake
[4.233s] -- Installing: /home/kalhan/Base_Experiment/ntu_hmrs_ws/install/octomap_msgs/share/octomap_msgs/cmake/octomap_msgs__rosidl_typesupport_introspection_cExport-noconfig.cmake
[4.233s] -- Installing: /home/kalhan/Base_Experiment/ntu_hmrs_ws/install/octomap_msgs/share/octomap_msgs/cmake/octomap_msgs__rosidl_typesupport_cExport.cmake
[4.233s] -- Installing: /home/kalhan/Base_Experiment/ntu_hmrs_ws/install/octomap_msgs/share/octomap_msgs/cmake/octomap_msgs__rosidl_typesupport_cExport-noconfig.cmake
[4.233s] -- Installing: /home/kalhan/Base_Experiment/ntu_hmrs_ws/install/octomap_msgs/share/octomap_msgs/cmake/export_octomap_msgs__rosidl_generator_cppExport.cmake
[4.233s] -- Installing: /home/kalhan/Base_Experiment/ntu_hmrs_ws/install/octomap_msgs/share/octomap_msgs/cmake/export_octomap_msgs__rosidl_typesupport_fastrtps_cppExport.cmake
[4.233s] -- Installing: /home/kalhan/Base_Experiment/ntu_hmrs_ws/install/octomap_msgs/share/octomap_msgs/cmake/export_octomap_msgs__rosidl_typesupport_fastrtps_cppExport-noconfig.cmake
[4.233s] -- Installing: /home/kalhan/Base_Experiment/ntu_hmrs_ws/install/octomap_msgs/share/octomap_msgs/cmake/octomap_msgs__rosidl_typesupport_introspection_cppExport.cmake
[4.233s] -- Installing: /home/kalhan/Base_Experiment/ntu_hmrs_ws/install/octomap_msgs/share/octomap_msgs/cmake/octomap_msgs__rosidl_typesupport_introspection_cppExport-noconfig.cmake
[4.233s] -- Installing: /home/kalhan/Base_Experiment/ntu_hmrs_ws/install/octomap_msgs/share/octomap_msgs/cmake/octomap_msgs__rosidl_typesupport_cppExport.cmake
[4.233s] -- Installing: /home/kalhan/Base_Experiment/ntu_hmrs_ws/install/octomap_msgs/share/octomap_msgs/cmake/octomap_msgs__rosidl_typesupport_cppExport-noconfig.cmake
[4.233s] -- Installing: /home/kalhan/Base_Experiment/ntu_hmrs_ws/install/octomap_msgs/share/octomap_msgs/cmake/export_octomap_msgs__rosidl_generator_pyExport.cmake
[4.233s] -- Installing: /home/kalhan/Base_Experiment/ntu_hmrs_ws/install/octomap_msgs/share/octomap_msgs/cmake/export_octomap_msgs__rosidl_generator_pyExport-noconfig.cmake
[4.235s] Invoked command in '/home/kalhan/Base_Experiment/ntu_hmrs_ws/build/octomap_msgs' returned '0': CMAKE_PREFIX_PATH=/opt/ros/humble /usr/bin/cmake --install /home/kalhan/Base_Experiment/ntu_hmrs_ws/build/octomap_msgs
