[0.006s] Invoking command in '/home/kalhan/Base_Experiment/ntu_hmrs_ws/build/pcl_conversions': AMENT_PREFIX_PATH=/home/kalhan/Base_Experiment/ntu_hmrs_ws/install/pcl_msgs:${AMENT_PREFIX_PATH} CMAKE_PREFIX_PATH=/home/kalhan/Base_Experiment/ntu_hmrs_ws/install/pcl_msgs:/opt/ros/humble LD_LIBRARY_PATH=/home/kalhan/Base_Experiment/ntu_hmrs_ws/install/pcl_msgs/lib:${LD_LIBRARY_PATH} PYTHONPATH=/home/kalhan/Base_Experiment/ntu_hmrs_ws/install/pcl_msgs/local/lib/python3.10/dist-packages:${PYTHONPATH} /usr/bin/cmake /home/kalhan/Base_Experiment/ntu_hmrs_ws/src/octomap2/perception_pcl/pcl_conversions -DAMENT_CMAKE_SYMLINK_INSTALL=1 -DCMAKE_INSTALL_PREFIX=/home/kalhan/Base_Experiment/ntu_hmrs_ws/install/pcl_conversions
[0.046s] -- The C compiler identification is GNU 11.4.0
[0.084s] -- The CXX compiler identification is GNU 11.4.0
[0.089s] -- Detecting C compiler ABI info
[0.143s] -- Detecting C compiler ABI info - done
[0.148s] -- Check for working C compiler: /usr/bin/cc - skipped
[0.148s] -- Detecting C compile features
[0.148s] -- Detecting C compile features - done
[0.150s] -- Detecting CXX compiler ABI info
[0.216s] -- Detecting CXX compiler ABI info - done
[0.221s] -- Check for working CXX compiler: /usr/bin/c++ - skipped
[0.221s] -- Detecting CXX compile features
[0.221s] -- Detecting CXX compile features - done
[0.223s] -- Found ament_cmake: 1.3.10 (/opt/ros/humble/share/ament_cmake/cmake)
[0.336s] -- Found Python3: /usr/bin/python3 (found version "3.10.12") found components: Interpreter 
[0.375s] -- Override CMake install command with custom implementation using symlinks instead of copying resources
[0.397s] -- Found Boost: /usr/lib/x86_64-linux-gnu/cmake/Boost-1.74.0/BoostConfig.cmake (found version "1.74.0")  
[0.403s] -- Found message_filters: 4.3.5 (/opt/ros/humble/share/message_filters/cmake)
[0.433s] -- Found rosidl_generator_c: 3.1.5 (/opt/ros/humble/share/rosidl_generator_c/cmake)
[0.436s] -- Found rosidl_adapter: 3.1.5 (/opt/ros/humble/share/rosidl_adapter/cmake)
[0.442s] -- Found rosidl_generator_cpp: 3.1.5 (/opt/ros/humble/share/rosidl_generator_cpp/cmake)
[0.449s] -- Using all available rosidl_typesupport_c: rosidl_typesupport_fastrtps_c;rosidl_typesupport_introspection_c
[0.460s] -- Using all available rosidl_typesupport_cpp: rosidl_typesupport_fastrtps_cpp;rosidl_typesupport_introspection_cpp
[0.489s] -- Found rmw_implementation_cmake: 6.1.2 (/opt/ros/humble/share/rmw_implementation_cmake/cmake)
[0.490s] -- Found rmw_fastrtps_cpp: 6.2.7 (/opt/ros/humble/share/rmw_fastrtps_cpp/cmake)
[0.558s] -- Found OpenSSL: /usr/lib/x86_64-linux-gnu/libcrypto.so (found version "3.0.2")  
[0.577s] -- Found FastRTPS: /opt/ros/humble/include  
[0.606s] -- Using RMW implementation 'rmw_fastrtps_cpp' as default
[0.611s] -- Looking for pthread.h
[0.668s] -- Looking for pthread.h - found
[0.669s] -- Performing Test CMAKE_HAVE_LIBC_PTHREAD
[0.724s] -- Performing Test CMAKE_HAVE_LIBC_PTHREAD - Success
[0.725s] -- Found Threads: TRUE  
[0.768s] -- Checking for module 'eigen3'
[0.779s] --   Found eigen3, version 3.4.0
[0.806s] -- Found Eigen: /usr/include/eigen3 (Required is at least version "3.1") 
[0.806s] -- Eigen found (include: /usr/include/eigen3, version: 3.4.0)
[0.866s] -- Checking for module 'libusb-1.0'
[0.876s] --   Found libusb-1.0, version 1.0.25
[0.904s] -- Found libusb: /usr/lib/x86_64-linux-gnu/libusb-1.0.so  
[0.905s] -- OpenNI found (version: 1.5.4.0, include: /usr/include/ni, lib: /usr/lib/libOpenNI.so;libusb::libusb)
[0.951s] -- OpenNI2 found (version: 2.2.0.33, include: /usr/include/openni2, lib: /usr/lib/x86_64-linux-gnu/libOpenNI2.so;libusb::libusb)
[1.629s] -- Eigen found (include: /usr/include/eigen3, version: 3.4.0)
[1.629s] -- Found PCL_COMMON: /usr/lib/x86_64-linux-gnu/libpcl_common.so  
[1.630s] -- Found PCL_OCTREE: /usr/lib/x86_64-linux-gnu/libpcl_octree.so  
[1.631s] -- Found PCL_IO: /usr/lib/x86_64-linux-gnu/libpcl_io.so  
[1.631s] -- Found pcl_msgs: 1.0.0 (/home/kalhan/Base_Experiment/ntu_hmrs_ws/install/pcl_msgs/share/pcl_msgs/cmake)
[1.664s] -- Found ament_cmake_gtest: 1.3.10 (/opt/ros/humble/share/ament_cmake_gtest/cmake)
[1.666s] -- Found gtest sources under '/opt/ros/humble/src/gtest_vendor': C++ tests using 'Google Test' will be built
[1.713s] -- Configuring done
[1.726s] -- Generating done
[1.727s] -- Build files have been written to: /home/kalhan/Base_Experiment/ntu_hmrs_ws/build/pcl_conversions
[1.738s] Invoked command in '/home/kalhan/Base_Experiment/ntu_hmrs_ws/build/pcl_conversions' returned '0': AMENT_PREFIX_PATH=/home/kalhan/Base_Experiment/ntu_hmrs_ws/install/pcl_msgs:${AMENT_PREFIX_PATH} CMAKE_PREFIX_PATH=/home/kalhan/Base_Experiment/ntu_hmrs_ws/install/pcl_msgs:/opt/ros/humble LD_LIBRARY_PATH=/home/kalhan/Base_Experiment/ntu_hmrs_ws/install/pcl_msgs/lib:${LD_LIBRARY_PATH} PYTHONPATH=/home/kalhan/Base_Experiment/ntu_hmrs_ws/install/pcl_msgs/local/lib/python3.10/dist-packages:${PYTHONPATH} /usr/bin/cmake /home/kalhan/Base_Experiment/ntu_hmrs_ws/src/octomap2/perception_pcl/pcl_conversions -DAMENT_CMAKE_SYMLINK_INSTALL=1 -DCMAKE_INSTALL_PREFIX=/home/kalhan/Base_Experiment/ntu_hmrs_ws/install/pcl_conversions
[1.739s] Invoking command in '/home/kalhan/Base_Experiment/ntu_hmrs_ws/build/pcl_conversions': AMENT_PREFIX_PATH=/home/kalhan/Base_Experiment/ntu_hmrs_ws/install/pcl_msgs:${AMENT_PREFIX_PATH} CMAKE_PREFIX_PATH=/home/kalhan/Base_Experiment/ntu_hmrs_ws/install/pcl_msgs:/opt/ros/humble LD_LIBRARY_PATH=/home/kalhan/Base_Experiment/ntu_hmrs_ws/install/pcl_msgs/lib:${LD_LIBRARY_PATH} PYTHONPATH=/home/kalhan/Base_Experiment/ntu_hmrs_ws/install/pcl_msgs/local/lib/python3.10/dist-packages:${PYTHONPATH} /usr/bin/cmake --build /home/kalhan/Base_Experiment/ntu_hmrs_ws/build/pcl_conversions -- -j32 -l32
[1.781s] [ 33%] [32mBuilding CXX object gtest/CMakeFiles/gtest.dir/src/gtest-all.cc.o[0m
[1.781s] [ 33%] [32mBuilding CXX object gtest/CMakeFiles/gtest_main.dir/src/gtest_main.cc.o[0m
[2.138s] [ 50%] [32m[1mLinking CXX static library libgtest_main.a[0m
[2.166s] [ 50%] Built target gtest_main
[3.533s] [ 66%] [32m[1mLinking CXX static library libgtest.a[0m
[3.578s] [ 66%] Built target gtest
[3.595s] [ 83%] [32mBuilding CXX object CMakeFiles/pcl_conversions-test.dir/test/test_pcl_conversions.cpp.o[0m
