[0.012s] Invoking command in '/home/kalhan/Base_Experiment/ntu_hmrs_ws/build/pcl_msgs': CMAKE_PREFIX_PATH=/opt/ros/humble /usr/bin/cmake /home/kalhan/Base_Experiment/ntu_hmrs_ws/src/octomap2/pcl_msgs -DAMENT_CMAKE_SYMLINK_INSTALL=1 -DCMAKE_INSTALL_PREFIX=/home/kalhan/Base_Experiment/ntu_hmrs_ws/install/pcl_msgs
[0.052s] -- The C compiler identification is GNU 11.4.0
[0.089s] -- The CXX compiler identification is GNU 11.4.0
[0.095s] -- Detecting C compiler ABI info
[0.146s] -- Detecting C compiler ABI info - done
[0.152s] -- Check for working C compiler: /usr/bin/cc - skipped
[0.152s] -- Detecting C compile features
[0.152s] -- Detecting C compile features - done
[0.155s] -- Detecting CXX compiler ABI info
[0.211s] -- Detecting CXX compiler ABI info - done
[0.217s] -- Check for working CXX compiler: /usr/bin/c++ - skipped
[0.217s] -- Detecting CXX compile features
[0.217s] -- Detecting CXX compile features - done
[0.219s] -- Found ament_cmake: 1.3.10 (/opt/ros/humble/share/ament_cmake/cmake)
[0.326s] -- Found Python3: /usr/bin/python3 (found version "3.10.12") found components: Interpreter 
[0.366s] -- Override CMake install command with custom implementation using symlinks instead of copying resources
[0.386s] -- Found rosidl_default_generators: 1.2.0 (/opt/ros/humble/share/rosidl_default_generators/cmake)
[0.388s] -- Using all available rosidl_typesupport_c: rosidl_typesupport_fastrtps_c;rosidl_typesupport_introspection_c
[0.393s] -- Found rosidl_adapter: 3.1.5 (/opt/ros/humble/share/rosidl_adapter/cmake)
[0.418s] -- Using all available rosidl_typesupport_cpp: rosidl_typesupport_fastrtps_cpp;rosidl_typesupport_introspection_cpp
[0.440s] -- Found sensor_msgs: 4.2.4 (/opt/ros/humble/share/sensor_msgs/cmake)
[0.698s] -- Found ament_cmake_cppcheck: 0.12.11 (/opt/ros/humble/share/ament_cmake_cppcheck/cmake)
[0.700s] -- Found ament_cmake_cpplint: 0.12.11 (/opt/ros/humble/share/ament_cmake_cpplint/cmake)
[0.702s] -- Found ament_cmake_uncrustify: 0.12.11 (/opt/ros/humble/share/ament_cmake_uncrustify/cmake)
[0.704s] -- Found ament_cmake_ros: 0.10.0 (/opt/ros/humble/share/ament_cmake_ros/cmake)
[0.935s] -- Using all available rosidl_typesupport_c: rosidl_typesupport_fastrtps_c;rosidl_typesupport_introspection_c
[1.211s] -- Using all available rosidl_typesupport_cpp: rosidl_typesupport_fastrtps_cpp;rosidl_typesupport_introspection_cpp
[1.227s] -- Found PythonInterp: /usr/bin/python3 (found suitable version "3.10.12", minimum required is "3.6") 
[1.228s] -- Found python_cmake_module: 0.10.0 (/opt/ros/humble/share/python_cmake_module/cmake)
[1.247s] -- Found PythonLibs: /usr/lib/x86_64-linux-gnu/libpython3.10.so (found suitable version "3.10.12", minimum required is "3.5") 
[1.247s] -- Using PYTHON_EXECUTABLE: /usr/bin/python3
[1.247s] -- Using PYTHON_INCLUDE_DIRS: /usr/include/python3.10
[1.247s] -- Using PYTHON_LIBRARIES: /usr/lib/x86_64-linux-gnu/libpython3.10.so
[1.261s] -- Found PythonExtra: .so  
[1.320s] -- Found ament_cmake_flake8: 0.12.11 (/opt/ros/humble/share/ament_cmake_flake8/cmake)
[1.322s] -- Found ament_cmake_pep257: 0.12.11 (/opt/ros/humble/share/ament_cmake_pep257/cmake)
[1.332s] -- Configuring done
[1.371s] -- Generating done
[1.374s] -- Build files have been written to: /home/kalhan/Base_Experiment/ntu_hmrs_ws/build/pcl_msgs
[1.384s] Invoked command in '/home/kalhan/Base_Experiment/ntu_hmrs_ws/build/pcl_msgs' returned '0': CMAKE_PREFIX_PATH=/opt/ros/humble /usr/bin/cmake /home/kalhan/Base_Experiment/ntu_hmrs_ws/src/octomap2/pcl_msgs -DAMENT_CMAKE_SYMLINK_INSTALL=1 -DCMAKE_INSTALL_PREFIX=/home/kalhan/Base_Experiment/ntu_hmrs_ws/install/pcl_msgs
[1.385s] Invoking command in '/home/kalhan/Base_Experiment/ntu_hmrs_ws/build/pcl_msgs': CMAKE_PREFIX_PATH=/opt/ros/humble /usr/bin/cmake --build /home/kalhan/Base_Experiment/ntu_hmrs_ws/build/pcl_msgs -- -j32 -l32
[1.419s] [  1%] [34m[1mGenerating C code for ROS interfaces[0m
[1.427s] [  3%] [34m[1mGenerating C++ code for ROS interfaces[0m
[1.432s] [  3%] Built target ament_cmake_python_symlink_pcl_msgs
[1.587s] running egg_info
[1.587s] creating pcl_msgs.egg-info
[1.587s] writing pcl_msgs.egg-info/PKG-INFO
[1.588s] writing dependency_links to pcl_msgs.egg-info/dependency_links.txt
[1.588s] writing top-level names to pcl_msgs.egg-info/top_level.txt
[1.588s] writing manifest file 'pcl_msgs.egg-info/SOURCES.txt'
[1.589s] reading manifest file 'pcl_msgs.egg-info/SOURCES.txt'
[1.589s] writing manifest file 'pcl_msgs.egg-info/SOURCES.txt'
[1.605s] [  3%] Built target ament_cmake_python_build_pcl_msgs_egg
[1.717s] [  3%] Built target pcl_msgs__cpp
[1.726s] [  4%] [34m[1mGenerating C++ type support dispatch for ROS interfaces[0m
[1.726s] [  6%] [34m[1mGenerating C++ introspection for ROS interfaces[0m
[1.726s] [  7%] [34m[1mGenerating C++ type support for eProsima Fast-RTPS[0m
[1.769s] [  9%] [32mBuilding C object CMakeFiles/pcl_msgs__rosidl_generator_c.dir/rosidl_generator_c/pcl_msgs/msg/detail/vertices__functions.c.o[0m
[1.770s] [ 11%] [32mBuilding C object CMakeFiles/pcl_msgs__rosidl_generator_c.dir/rosidl_generator_c/pcl_msgs/msg/detail/model_coefficients__functions.c.o[0m
[1.770s] [ 14%] [32mBuilding C object CMakeFiles/pcl_msgs__rosidl_generator_c.dir/rosidl_generator_c/pcl_msgs/msg/detail/point_indices__functions.c.o[0m
[1.770s] [ 14%] [32mBuilding C object CMakeFiles/pcl_msgs__rosidl_generator_c.dir/rosidl_generator_c/pcl_msgs/msg/detail/polygon_mesh__functions.c.o[0m
[1.771s] [ 15%] [32mBuilding C object CMakeFiles/pcl_msgs__rosidl_generator_c.dir/rosidl_generator_c/pcl_msgs/srv/detail/update_filename__functions.c.o[0m
[1.823s] [ 17%] [32m[1mLinking C shared library libpcl_msgs__rosidl_generator_c.so[0m
[1.857s] [ 17%] Built target pcl_msgs__rosidl_generator_c
[1.867s] [ 20%] [34m[1mGenerating C type support dispatch for ROS interfaces[0m
[1.867s] [ 20%] [34m[1mGenerating C introspection for ROS interfaces[0m
[1.867s] [ 22%] [34m[1mGenerating C type support for eProsima Fast-RTPS[0m
[1.940s] [ 23%] [32mBuilding CXX object CMakeFiles/pcl_msgs__rosidl_typesupport_cpp.dir/rosidl_typesupport_cpp/pcl_msgs/msg/point_indices__type_support.cpp.o[0m
[1.940s] [ 25%] [32mBuilding CXX object CMakeFiles/pcl_msgs__rosidl_typesupport_cpp.dir/rosidl_typesupport_cpp/pcl_msgs/msg/vertices__type_support.cpp.o[0m
[1.941s] [ 26%] [32mBuilding CXX object CMakeFiles/pcl_msgs__rosidl_typesupport_cpp.dir/rosidl_typesupport_cpp/pcl_msgs/msg/model_coefficients__type_support.cpp.o[0m
[1.941s] [ 28%] [32mBuilding CXX object CMakeFiles/pcl_msgs__rosidl_typesupport_cpp.dir/rosidl_typesupport_cpp/pcl_msgs/msg/polygon_mesh__type_support.cpp.o[0m
[1.942s] [ 30%] [32mBuilding CXX object CMakeFiles/pcl_msgs__rosidl_typesupport_cpp.dir/rosidl_typesupport_cpp/pcl_msgs/srv/update_filename__type_support.cpp.o[0m
[1.978s] [ 36%] [32mBuilding CXX object CMakeFiles/pcl_msgs__rosidl_typesupport_introspection_cpp.dir/rosidl_typesupport_introspection_cpp/pcl_msgs/msg/detail/polygon_mesh__type_support.cpp.o[0m
[1.978s] [ 36%] [32mBuilding CXX object CMakeFiles/pcl_msgs__rosidl_typesupport_introspection_cpp.dir/rosidl_typesupport_introspection_cpp/pcl_msgs/msg/detail/model_coefficients__type_support.cpp.o[0m
[1.978s] [ 36%] [32mBuilding CXX object CMakeFiles/pcl_msgs__rosidl_typesupport_introspection_cpp.dir/rosidl_typesupport_introspection_cpp/pcl_msgs/msg/detail/point_indices__type_support.cpp.o[0m
[1.978s] [ 36%] [32mBuilding CXX object CMakeFiles/pcl_msgs__rosidl_typesupport_introspection_cpp.dir/rosidl_typesupport_introspection_cpp/pcl_msgs/msg/detail/vertices__type_support.cpp.o[0m
[1.978s] [ 38%] [32mBuilding CXX object CMakeFiles/pcl_msgs__rosidl_typesupport_introspection_cpp.dir/rosidl_typesupport_introspection_cpp/pcl_msgs/srv/detail/update_filename__type_support.cpp.o[0m
[2.028s] [ 39%] [32mBuilding CXX object CMakeFiles/pcl_msgs__rosidl_typesupport_fastrtps_cpp.dir/rosidl_typesupport_fastrtps_cpp/pcl_msgs/msg/detail/dds_fastrtps/model_coefficients__type_support.cpp.o[0m
[2.028s] [ 41%] [32mBuilding CXX object CMakeFiles/pcl_msgs__rosidl_typesupport_fastrtps_cpp.dir/rosidl_typesupport_fastrtps_cpp/pcl_msgs/msg/detail/dds_fastrtps/polygon_mesh__type_support.cpp.o[0m
[2.028s] [ 42%] [32mBuilding CXX object CMakeFiles/pcl_msgs__rosidl_typesupport_fastrtps_cpp.dir/rosidl_typesupport_fastrtps_cpp/pcl_msgs/msg/detail/dds_fastrtps/vertices__type_support.cpp.o[0m
[2.030s] [ 44%] [32mBuilding CXX object CMakeFiles/pcl_msgs__rosidl_typesupport_fastrtps_cpp.dir/rosidl_typesupport_fastrtps_cpp/pcl_msgs/msg/detail/dds_fastrtps/point_indices__type_support.cpp.o[0m
[2.038s] [ 46%] [32mBuilding CXX object CMakeFiles/pcl_msgs__rosidl_typesupport_fastrtps_cpp.dir/rosidl_typesupport_fastrtps_cpp/pcl_msgs/srv/detail/dds_fastrtps/update_filename__type_support.cpp.o[0m
[2.196s] [ 49%] [32mBuilding CXX object CMakeFiles/pcl_msgs__rosidl_typesupport_c.dir/rosidl_typesupport_c/pcl_msgs/msg/point_indices__type_support.cpp.o[0m
[2.198s] [ 49%] [32mBuilding CXX object CMakeFiles/pcl_msgs__rosidl_typesupport_c.dir/rosidl_typesupport_c/pcl_msgs/msg/model_coefficients__type_support.cpp.o[0m
[2.203s] [ 50%] [32mBuilding CXX object CMakeFiles/pcl_msgs__rosidl_typesupport_c.dir/rosidl_typesupport_c/pcl_msgs/msg/vertices__type_support.cpp.o[0m
[2.203s] [ 52%] [32mBuilding CXX object CMakeFiles/pcl_msgs__rosidl_typesupport_c.dir/rosidl_typesupport_c/pcl_msgs/msg/polygon_mesh__type_support.cpp.o[0m
[2.206s] [ 53%] [32mBuilding CXX object CMakeFiles/pcl_msgs__rosidl_typesupport_c.dir/rosidl_typesupport_c/pcl_msgs/srv/update_filename__type_support.cpp.o[0m
[2.212s] [ 55%] [32m[1mLinking CXX shared library libpcl_msgs__rosidl_typesupport_cpp.so[0m
[2.248s] [ 57%] [32m[1mLinking CXX shared library libpcl_msgs__rosidl_typesupport_c.so[0m
[2.267s] [ 57%] Built target pcl_msgs__rosidl_typesupport_cpp
[2.283s] [ 58%] [32mBuilding CXX object CMakeFiles/pcl_msgs__rosidl_typesupport_fastrtps_c.dir/rosidl_typesupport_fastrtps_c/pcl_msgs/msg/detail/point_indices__type_support_c.cpp.o[0m
[2.287s] [ 61%] [32mBuilding CXX object CMakeFiles/pcl_msgs__rosidl_typesupport_fastrtps_c.dir/rosidl_typesupport_fastrtps_c/pcl_msgs/msg/detail/polygon_mesh__type_support_c.cpp.o[0m
[2.287s] [ 61%] [32mBuilding CXX object CMakeFiles/pcl_msgs__rosidl_typesupport_fastrtps_c.dir/rosidl_typesupport_fastrtps_c/pcl_msgs/msg/detail/model_coefficients__type_support_c.cpp.o[0m
[2.287s] [ 63%] [32mBuilding CXX object CMakeFiles/pcl_msgs__rosidl_typesupport_fastrtps_c.dir/rosidl_typesupport_fastrtps_c/pcl_msgs/msg/detail/vertices__type_support_c.cpp.o[0m
[2.290s] [ 65%] [32mBuilding CXX object CMakeFiles/pcl_msgs__rosidl_typesupport_fastrtps_c.dir/rosidl_typesupport_fastrtps_c/pcl_msgs/srv/detail/update_filename__type_support_c.cpp.o[0m
[2.310s] [ 65%] Built target pcl_msgs__rosidl_typesupport_c
[2.313s] [ 66%] [32mBuilding C object CMakeFiles/pcl_msgs__rosidl_typesupport_introspection_c.dir/rosidl_typesupport_introspection_c/pcl_msgs/msg/detail/model_coefficients__type_support.c.o[0m
[2.318s] [ 68%] [32mBuilding C object CMakeFiles/pcl_msgs__rosidl_typesupport_introspection_c.dir/rosidl_typesupport_introspection_c/pcl_msgs/msg/detail/polygon_mesh__type_support.c.o[0m
[2.320s] [ 69%] [32mBuilding C object CMakeFiles/pcl_msgs__rosidl_typesupport_introspection_c.dir/rosidl_typesupport_introspection_c/pcl_msgs/msg/detail/point_indices__type_support.c.o[0m
[2.323s] [ 71%] [32mBuilding C object CMakeFiles/pcl_msgs__rosidl_typesupport_introspection_c.dir/rosidl_typesupport_introspection_c/pcl_msgs/msg/detail/vertices__type_support.c.o[0m
[2.323s] [ 73%] [32mBuilding C object CMakeFiles/pcl_msgs__rosidl_typesupport_introspection_c.dir/rosidl_typesupport_introspection_c/pcl_msgs/srv/detail/update_filename__type_support.c.o[0m
[2.369s] [ 74%] [32m[1mLinking C shared library libpcl_msgs__rosidl_typesupport_introspection_c.so[0m
[2.402s] [ 74%] Built target pcl_msgs__rosidl_typesupport_introspection_c
[2.464s] [ 76%] [32m[1mLinking CXX shared library libpcl_msgs__rosidl_typesupport_introspection_cpp.so[0m
[2.524s] [ 76%] Built target pcl_msgs__rosidl_typesupport_introspection_cpp
[2.534s] [ 77%] [32m[1mLinking CXX shared library libpcl_msgs__rosidl_typesupport_fastrtps_cpp.so[0m
[2.597s] [ 77%] Built target pcl_msgs__rosidl_typesupport_fastrtps_cpp
[2.609s] [ 79%] [32m[1mLinking CXX shared library libpcl_msgs__rosidl_typesupport_fastrtps_c.so[0m
[2.662s] [ 79%] Built target pcl_msgs__rosidl_typesupport_fastrtps_c
[2.679s] [ 79%] Built target pcl_msgs
[2.696s] [ 80%] [34m[1mGenerating Python code for ROS interfaces[0m
[3.128s] [ 80%] Built target pcl_msgs__py
[3.144s] [ 82%] [32mBuilding C object CMakeFiles/pcl_msgs__rosidl_generator_py.dir/rosidl_generator_py/pcl_msgs/msg/_model_coefficients_s.c.o[0m
[3.145s] [ 84%] [32mBuilding C object CMakeFiles/pcl_msgs__rosidl_generator_py.dir/rosidl_generator_py/pcl_msgs/srv/_update_filename_s.c.o[0m
[3.145s] [ 85%] [32mBuilding C object CMakeFiles/pcl_msgs__rosidl_generator_py.dir/rosidl_generator_py/pcl_msgs/msg/_point_indices_s.c.o[0m
[3.146s] [ 87%] [32mBuilding C object CMakeFiles/pcl_msgs__rosidl_generator_py.dir/rosidl_generator_py/pcl_msgs/msg/_polygon_mesh_s.c.o[0m
[3.147s] [ 88%] [32mBuilding C object CMakeFiles/pcl_msgs__rosidl_generator_py.dir/rosidl_generator_py/pcl_msgs/msg/_vertices_s.c.o[0m
[3.238s] [ 90%] [32m[1mLinking C shared library rosidl_generator_py/pcl_msgs/libpcl_msgs__rosidl_generator_py.so[0m
[3.270s] [ 90%] Built target pcl_msgs__rosidl_generator_py
[3.286s] [ 92%] [32mBuilding C object CMakeFiles/pcl_msgs__rosidl_typesupport_fastrtps_c__pyext.dir/rosidl_generator_py/pcl_msgs/_pcl_msgs_s.ep.rosidl_typesupport_fastrtps_c.c.o[0m
[3.287s] [ 93%] [32mBuilding C object CMakeFiles/pcl_msgs__rosidl_typesupport_c__pyext.dir/rosidl_generator_py/pcl_msgs/_pcl_msgs_s.ep.rosidl_typesupport_c.c.o[0m
[3.287s] [ 95%] [32mBuilding C object CMakeFiles/pcl_msgs__rosidl_typesupport_introspection_c__pyext.dir/rosidl_generator_py/pcl_msgs/_pcl_msgs_s.ep.rosidl_typesupport_introspection_c.c.o[0m
[3.366s] [ 96%] [32m[1mLinking C shared library rosidl_generator_py/pcl_msgs/pcl_msgs_s__rosidl_typesupport_introspection_c.cpython-310-x86_64-linux-gnu.so[0m
[3.373s] [ 98%] [32m[1mLinking C shared library rosidl_generator_py/pcl_msgs/pcl_msgs_s__rosidl_typesupport_c.cpython-310-x86_64-linux-gnu.so[0m
[3.381s] [100%] [32m[1mLinking C shared library rosidl_generator_py/pcl_msgs/pcl_msgs_s__rosidl_typesupport_fastrtps_c.cpython-310-x86_64-linux-gnu.so[0m
[3.406s] [100%] Built target pcl_msgs__rosidl_typesupport_introspection_c__pyext
[3.414s] [100%] Built target pcl_msgs__rosidl_typesupport_c__pyext
[3.419s] [100%] Built target pcl_msgs__rosidl_typesupport_fastrtps_c__pyext
[3.427s] Invoked command in '/home/kalhan/Base_Experiment/ntu_hmrs_ws/build/pcl_msgs' returned '0': CMAKE_PREFIX_PATH=/opt/ros/humble /usr/bin/cmake --build /home/kalhan/Base_Experiment/ntu_hmrs_ws/build/pcl_msgs -- -j32 -l32
[3.529s] Invoking command in '/home/kalhan/Base_Experiment/ntu_hmrs_ws/build/pcl_msgs': CMAKE_PREFIX_PATH=/opt/ros/humble /usr/bin/cmake --install /home/kalhan/Base_Experiment/ntu_hmrs_ws/build/pcl_msgs
[3.535s] -- Install configuration: ""
[3.536s] -- Execute custom install script
[3.536s] -- Symlinking: /home/kalhan/Base_Experiment/ntu_hmrs_ws/install/pcl_msgs/share/ament_index/resource_index/rosidl_interfaces/pcl_msgs
[3.542s] -- Symlinking: /home/kalhan/Base_Experiment/ntu_hmrs_ws/install/pcl_msgs/include/pcl_msgs/pcl_msgs/msg/detail/model_coefficients__functions.h
[3.546s] -- Symlinking: /home/kalhan/Base_Experiment/ntu_hmrs_ws/install/pcl_msgs/include/pcl_msgs/pcl_msgs/msg/detail/model_coefficients__struct.h
[3.552s] -- Symlinking: /home/kalhan/Base_Experiment/ntu_hmrs_ws/install/pcl_msgs/include/pcl_msgs/pcl_msgs/msg/detail/model_coefficients__type_support.h
[3.558s] -- Symlinking: /home/kalhan/Base_Experiment/ntu_hmrs_ws/install/pcl_msgs/include/pcl_msgs/pcl_msgs/msg/detail/point_indices__functions.h
[3.564s] -- Symlinking: /home/kalhan/Base_Experiment/ntu_hmrs_ws/install/pcl_msgs/include/pcl_msgs/pcl_msgs/msg/detail/point_indices__struct.h
[3.570s] -- Symlinking: /home/kalhan/Base_Experiment/ntu_hmrs_ws/install/pcl_msgs/include/pcl_msgs/pcl_msgs/msg/detail/point_indices__type_support.h
[3.575s] -- Symlinking: /home/kalhan/Base_Experiment/ntu_hmrs_ws/install/pcl_msgs/include/pcl_msgs/pcl_msgs/msg/detail/polygon_mesh__functions.h
[3.581s] -- Symlinking: /home/kalhan/Base_Experiment/ntu_hmrs_ws/install/pcl_msgs/include/pcl_msgs/pcl_msgs/msg/detail/polygon_mesh__struct.h
[3.586s] -- Symlinking: /home/kalhan/Base_Experiment/ntu_hmrs_ws/install/pcl_msgs/include/pcl_msgs/pcl_msgs/msg/detail/polygon_mesh__type_support.h
[3.593s] -- Symlinking: /home/kalhan/Base_Experiment/ntu_hmrs_ws/install/pcl_msgs/include/pcl_msgs/pcl_msgs/msg/detail/vertices__functions.h
[3.600s] -- Symlinking: /home/kalhan/Base_Experiment/ntu_hmrs_ws/install/pcl_msgs/include/pcl_msgs/pcl_msgs/msg/detail/vertices__struct.h
[3.605s] -- Symlinking: /home/kalhan/Base_Experiment/ntu_hmrs_ws/install/pcl_msgs/include/pcl_msgs/pcl_msgs/msg/detail/vertices__type_support.h
[3.611s] -- Symlinking: /home/kalhan/Base_Experiment/ntu_hmrs_ws/install/pcl_msgs/include/pcl_msgs/pcl_msgs/msg/model_coefficients.h
[3.617s] -- Symlinking: /home/kalhan/Base_Experiment/ntu_hmrs_ws/install/pcl_msgs/include/pcl_msgs/pcl_msgs/msg/point_indices.h
[3.624s] -- Symlinking: /home/kalhan/Base_Experiment/ntu_hmrs_ws/install/pcl_msgs/include/pcl_msgs/pcl_msgs/msg/polygon_mesh.h
[3.630s] -- Symlinking: /home/kalhan/Base_Experiment/ntu_hmrs_ws/install/pcl_msgs/include/pcl_msgs/pcl_msgs/msg/rosidl_generator_c__visibility_control.h
[3.636s] -- Symlinking: /home/kalhan/Base_Experiment/ntu_hmrs_ws/install/pcl_msgs/include/pcl_msgs/pcl_msgs/msg/vertices.h
[3.642s] -- Symlinking: /home/kalhan/Base_Experiment/ntu_hmrs_ws/install/pcl_msgs/include/pcl_msgs/pcl_msgs/srv/detail/update_filename__functions.h
[3.648s] -- Symlinking: /home/kalhan/Base_Experiment/ntu_hmrs_ws/install/pcl_msgs/include/pcl_msgs/pcl_msgs/srv/detail/update_filename__struct.h
[3.653s] -- Symlinking: /home/kalhan/Base_Experiment/ntu_hmrs_ws/install/pcl_msgs/include/pcl_msgs/pcl_msgs/srv/detail/update_filename__type_support.h
[3.659s] -- Symlinking: /home/kalhan/Base_Experiment/ntu_hmrs_ws/install/pcl_msgs/include/pcl_msgs/pcl_msgs/srv/update_filename.h
[3.666s] -- Symlinking: /home/kalhan/Base_Experiment/ntu_hmrs_ws/install/pcl_msgs/share/pcl_msgs/environment/library_path.sh
[3.672s] -- Symlinking: /home/kalhan/Base_Experiment/ntu_hmrs_ws/install/pcl_msgs/share/pcl_msgs/environment/library_path.dsv
[3.679s] -- Symlinking: /home/kalhan/Base_Experiment/ntu_hmrs_ws/install/pcl_msgs/include/pcl_msgs/pcl_msgs/msg/detail/model_coefficients__rosidl_typesupport_fastrtps_c.h
[3.686s] -- Symlinking: /home/kalhan/Base_Experiment/ntu_hmrs_ws/install/pcl_msgs/include/pcl_msgs/pcl_msgs/msg/detail/point_indices__rosidl_typesupport_fastrtps_c.h
[3.692s] -- Symlinking: /home/kalhan/Base_Experiment/ntu_hmrs_ws/install/pcl_msgs/include/pcl_msgs/pcl_msgs/msg/detail/polygon_mesh__rosidl_typesupport_fastrtps_c.h
[3.699s] -- Symlinking: /home/kalhan/Base_Experiment/ntu_hmrs_ws/install/pcl_msgs/include/pcl_msgs/pcl_msgs/msg/detail/vertices__rosidl_typesupport_fastrtps_c.h
[3.704s] -- Symlinking: /home/kalhan/Base_Experiment/ntu_hmrs_ws/install/pcl_msgs/include/pcl_msgs/pcl_msgs/msg/rosidl_typesupport_fastrtps_c__visibility_control.h
[3.711s] -- Symlinking: /home/kalhan/Base_Experiment/ntu_hmrs_ws/install/pcl_msgs/include/pcl_msgs/pcl_msgs/srv/detail/update_filename__rosidl_typesupport_fastrtps_c.h
[3.718s] -- Symlinking: /home/kalhan/Base_Experiment/ntu_hmrs_ws/install/pcl_msgs/include/pcl_msgs/pcl_msgs/msg/detail/model_coefficients__rosidl_typesupport_introspection_c.h
[3.725s] -- Symlinking: /home/kalhan/Base_Experiment/ntu_hmrs_ws/install/pcl_msgs/include/pcl_msgs/pcl_msgs/msg/detail/point_indices__rosidl_typesupport_introspection_c.h
[3.731s] -- Symlinking: /home/kalhan/Base_Experiment/ntu_hmrs_ws/install/pcl_msgs/include/pcl_msgs/pcl_msgs/msg/detail/polygon_mesh__rosidl_typesupport_introspection_c.h
[3.737s] -- Symlinking: /home/kalhan/Base_Experiment/ntu_hmrs_ws/install/pcl_msgs/include/pcl_msgs/pcl_msgs/msg/detail/vertices__rosidl_typesupport_introspection_c.h
[3.743s] -- Symlinking: /home/kalhan/Base_Experiment/ntu_hmrs_ws/install/pcl_msgs/include/pcl_msgs/pcl_msgs/msg/rosidl_typesupport_introspection_c__visibility_control.h
[3.748s] -- Symlinking: /home/kalhan/Base_Experiment/ntu_hmrs_ws/install/pcl_msgs/include/pcl_msgs/pcl_msgs/srv/detail/update_filename__rosidl_typesupport_introspection_c.h
[3.755s] -- Symlinking: /home/kalhan/Base_Experiment/ntu_hmrs_ws/install/pcl_msgs/include/pcl_msgs/pcl_msgs/msg/detail/model_coefficients__builder.hpp
[3.760s] -- Symlinking: /home/kalhan/Base_Experiment/ntu_hmrs_ws/install/pcl_msgs/include/pcl_msgs/pcl_msgs/msg/detail/model_coefficients__struct.hpp
[3.766s] -- Symlinking: /home/kalhan/Base_Experiment/ntu_hmrs_ws/install/pcl_msgs/include/pcl_msgs/pcl_msgs/msg/detail/model_coefficients__traits.hpp
[3.771s] -- Symlinking: /home/kalhan/Base_Experiment/ntu_hmrs_ws/install/pcl_msgs/include/pcl_msgs/pcl_msgs/msg/detail/point_indices__builder.hpp
[3.776s] -- Symlinking: /home/kalhan/Base_Experiment/ntu_hmrs_ws/install/pcl_msgs/include/pcl_msgs/pcl_msgs/msg/detail/point_indices__struct.hpp
[3.783s] -- Symlinking: /home/kalhan/Base_Experiment/ntu_hmrs_ws/install/pcl_msgs/include/pcl_msgs/pcl_msgs/msg/detail/point_indices__traits.hpp
[3.791s] -- Symlinking: /home/kalhan/Base_Experiment/ntu_hmrs_ws/install/pcl_msgs/include/pcl_msgs/pcl_msgs/msg/detail/polygon_mesh__builder.hpp
[3.796s] -- Symlinking: /home/kalhan/Base_Experiment/ntu_hmrs_ws/install/pcl_msgs/include/pcl_msgs/pcl_msgs/msg/detail/polygon_mesh__struct.hpp
[3.801s] -- Symlinking: /home/kalhan/Base_Experiment/ntu_hmrs_ws/install/pcl_msgs/include/pcl_msgs/pcl_msgs/msg/detail/polygon_mesh__traits.hpp
[3.806s] -- Symlinking: /home/kalhan/Base_Experiment/ntu_hmrs_ws/install/pcl_msgs/include/pcl_msgs/pcl_msgs/msg/detail/vertices__builder.hpp
[3.814s] -- Symlinking: /home/kalhan/Base_Experiment/ntu_hmrs_ws/install/pcl_msgs/include/pcl_msgs/pcl_msgs/msg/detail/vertices__struct.hpp
[3.820s] -- Symlinking: /home/kalhan/Base_Experiment/ntu_hmrs_ws/install/pcl_msgs/include/pcl_msgs/pcl_msgs/msg/detail/vertices__traits.hpp
[3.826s] -- Symlinking: /home/kalhan/Base_Experiment/ntu_hmrs_ws/install/pcl_msgs/include/pcl_msgs/pcl_msgs/msg/model_coefficients.hpp
[3.832s] -- Symlinking: /home/kalhan/Base_Experiment/ntu_hmrs_ws/install/pcl_msgs/include/pcl_msgs/pcl_msgs/msg/point_indices.hpp
[3.838s] -- Symlinking: /home/kalhan/Base_Experiment/ntu_hmrs_ws/install/pcl_msgs/include/pcl_msgs/pcl_msgs/msg/polygon_mesh.hpp
[3.844s] -- Symlinking: /home/kalhan/Base_Experiment/ntu_hmrs_ws/install/pcl_msgs/include/pcl_msgs/pcl_msgs/msg/vertices.hpp
[3.851s] -- Symlinking: /home/kalhan/Base_Experiment/ntu_hmrs_ws/install/pcl_msgs/include/pcl_msgs/pcl_msgs/srv/detail/update_filename__builder.hpp
[3.857s] -- Symlinking: /home/kalhan/Base_Experiment/ntu_hmrs_ws/install/pcl_msgs/include/pcl_msgs/pcl_msgs/srv/detail/update_filename__struct.hpp
[3.862s] -- Symlinking: /home/kalhan/Base_Experiment/ntu_hmrs_ws/install/pcl_msgs/include/pcl_msgs/pcl_msgs/srv/detail/update_filename__traits.hpp
[3.867s] -- Symlinking: /home/kalhan/Base_Experiment/ntu_hmrs_ws/install/pcl_msgs/include/pcl_msgs/pcl_msgs/srv/update_filename.hpp
[3.873s] -- Symlinking: /home/kalhan/Base_Experiment/ntu_hmrs_ws/install/pcl_msgs/include/pcl_msgs/pcl_msgs/msg/detail/model_coefficients__rosidl_typesupport_fastrtps_cpp.hpp
[3.878s] -- Symlinking: /home/kalhan/Base_Experiment/ntu_hmrs_ws/install/pcl_msgs/include/pcl_msgs/pcl_msgs/msg/detail/point_indices__rosidl_typesupport_fastrtps_cpp.hpp
[3.885s] -- Symlinking: /home/kalhan/Base_Experiment/ntu_hmrs_ws/install/pcl_msgs/include/pcl_msgs/pcl_msgs/msg/detail/polygon_mesh__rosidl_typesupport_fastrtps_cpp.hpp
[3.890s] -- Symlinking: /home/kalhan/Base_Experiment/ntu_hmrs_ws/install/pcl_msgs/include/pcl_msgs/pcl_msgs/msg/detail/vertices__rosidl_typesupport_fastrtps_cpp.hpp
[3.895s] -- Symlinking: /home/kalhan/Base_Experiment/ntu_hmrs_ws/install/pcl_msgs/include/pcl_msgs/pcl_msgs/msg/rosidl_typesupport_fastrtps_cpp__visibility_control.h
[3.902s] -- Symlinking: /home/kalhan/Base_Experiment/ntu_hmrs_ws/install/pcl_msgs/include/pcl_msgs/pcl_msgs/srv/detail/update_filename__rosidl_typesupport_fastrtps_cpp.hpp
[3.907s] -- Symlinking: /home/kalhan/Base_Experiment/ntu_hmrs_ws/install/pcl_msgs/include/pcl_msgs/pcl_msgs/msg/detail/model_coefficients__rosidl_typesupport_introspection_cpp.hpp
[3.913s] -- Symlinking: /home/kalhan/Base_Experiment/ntu_hmrs_ws/install/pcl_msgs/include/pcl_msgs/pcl_msgs/msg/detail/point_indices__rosidl_typesupport_introspection_cpp.hpp
[3.920s] -- Symlinking: /home/kalhan/Base_Experiment/ntu_hmrs_ws/install/pcl_msgs/include/pcl_msgs/pcl_msgs/msg/detail/polygon_mesh__rosidl_typesupport_introspection_cpp.hpp
[3.926s] -- Symlinking: /home/kalhan/Base_Experiment/ntu_hmrs_ws/install/pcl_msgs/include/pcl_msgs/pcl_msgs/msg/detail/vertices__rosidl_typesupport_introspection_cpp.hpp
[3.933s] -- Symlinking: /home/kalhan/Base_Experiment/ntu_hmrs_ws/install/pcl_msgs/include/pcl_msgs/pcl_msgs/srv/detail/update_filename__rosidl_typesupport_introspection_cpp.hpp
[3.938s] -- Symlinking: /home/kalhan/Base_Experiment/ntu_hmrs_ws/install/pcl_msgs/share/pcl_msgs/environment/pythonpath.sh
[3.943s] -- Symlinking: /home/kalhan/Base_Experiment/ntu_hmrs_ws/install/pcl_msgs/share/pcl_msgs/environment/pythonpath.dsv
[3.948s] -- Symlinking: /home/kalhan/Base_Experiment/ntu_hmrs_ws/install/pcl_msgs/local/lib/python3.10/dist-packages/pcl_msgs-1.0.0-py3.10.egg-info/PKG-INFO
[3.954s] -- Symlinking: /home/kalhan/Base_Experiment/ntu_hmrs_ws/install/pcl_msgs/local/lib/python3.10/dist-packages/pcl_msgs-1.0.0-py3.10.egg-info/SOURCES.txt
[3.959s] -- Symlinking: /home/kalhan/Base_Experiment/ntu_hmrs_ws/install/pcl_msgs/local/lib/python3.10/dist-packages/pcl_msgs-1.0.0-py3.10.egg-info/dependency_links.txt
[3.966s] -- Symlinking: /home/kalhan/Base_Experiment/ntu_hmrs_ws/install/pcl_msgs/local/lib/python3.10/dist-packages/pcl_msgs-1.0.0-py3.10.egg-info/top_level.txt
[3.971s] -- Symlinking: /home/kalhan/Base_Experiment/ntu_hmrs_ws/install/pcl_msgs/local/lib/python3.10/dist-packages/pcl_msgs/__init__.py
[3.977s] -- Symlinking: /home/kalhan/Base_Experiment/ntu_hmrs_ws/install/pcl_msgs/local/lib/python3.10/dist-packages/pcl_msgs/_pcl_msgs_s.ep.rosidl_typesupport_c.c
[3.983s] -- Symlinking: /home/kalhan/Base_Experiment/ntu_hmrs_ws/install/pcl_msgs/local/lib/python3.10/dist-packages/pcl_msgs/_pcl_msgs_s.ep.rosidl_typesupport_fastrtps_c.c
[3.990s] -- Symlinking: /home/kalhan/Base_Experiment/ntu_hmrs_ws/install/pcl_msgs/local/lib/python3.10/dist-packages/pcl_msgs/_pcl_msgs_s.ep.rosidl_typesupport_introspection_c.c
[3.997s] -- Symlinking: /home/kalhan/Base_Experiment/ntu_hmrs_ws/install/pcl_msgs/local/lib/python3.10/dist-packages/pcl_msgs/libpcl_msgs__rosidl_generator_py.so
[4.003s] -- Symlinking: /home/kalhan/Base_Experiment/ntu_hmrs_ws/install/pcl_msgs/local/lib/python3.10/dist-packages/pcl_msgs/msg/__init__.py
[4.008s] -- Symlinking: /home/kalhan/Base_Experiment/ntu_hmrs_ws/install/pcl_msgs/local/lib/python3.10/dist-packages/pcl_msgs/msg/_model_coefficients.py
[4.015s] -- Symlinking: /home/kalhan/Base_Experiment/ntu_hmrs_ws/install/pcl_msgs/local/lib/python3.10/dist-packages/pcl_msgs/msg/_model_coefficients_s.c
[4.022s] -- Symlinking: /home/kalhan/Base_Experiment/ntu_hmrs_ws/install/pcl_msgs/local/lib/python3.10/dist-packages/pcl_msgs/msg/_point_indices.py
[4.028s] -- Symlinking: /home/kalhan/Base_Experiment/ntu_hmrs_ws/install/pcl_msgs/local/lib/python3.10/dist-packages/pcl_msgs/msg/_point_indices_s.c
[4.034s] -- Symlinking: /home/kalhan/Base_Experiment/ntu_hmrs_ws/install/pcl_msgs/local/lib/python3.10/dist-packages/pcl_msgs/msg/_polygon_mesh.py
[4.041s] -- Symlinking: /home/kalhan/Base_Experiment/ntu_hmrs_ws/install/pcl_msgs/local/lib/python3.10/dist-packages/pcl_msgs/msg/_polygon_mesh_s.c
[4.047s] -- Symlinking: /home/kalhan/Base_Experiment/ntu_hmrs_ws/install/pcl_msgs/local/lib/python3.10/dist-packages/pcl_msgs/msg/_vertices.py
[4.054s] -- Symlinking: /home/kalhan/Base_Experiment/ntu_hmrs_ws/install/pcl_msgs/local/lib/python3.10/dist-packages/pcl_msgs/msg/_vertices_s.c
[4.059s] -- Symlinking: /home/kalhan/Base_Experiment/ntu_hmrs_ws/install/pcl_msgs/local/lib/python3.10/dist-packages/pcl_msgs/pcl_msgs_s__rosidl_typesupport_c.cpython-310-x86_64-linux-gnu.so
[4.066s] -- Symlinking: /home/kalhan/Base_Experiment/ntu_hmrs_ws/install/pcl_msgs/local/lib/python3.10/dist-packages/pcl_msgs/pcl_msgs_s__rosidl_typesupport_fastrtps_c.cpython-310-x86_64-linux-gnu.so
[4.072s] -- Symlinking: /home/kalhan/Base_Experiment/ntu_hmrs_ws/install/pcl_msgs/local/lib/python3.10/dist-packages/pcl_msgs/pcl_msgs_s__rosidl_typesupport_introspection_c.cpython-310-x86_64-linux-gnu.so
[4.077s] -- Symlinking: /home/kalhan/Base_Experiment/ntu_hmrs_ws/install/pcl_msgs/local/lib/python3.10/dist-packages/pcl_msgs/srv/__init__.py
[4.082s] -- Symlinking: /home/kalhan/Base_Experiment/ntu_hmrs_ws/install/pcl_msgs/local/lib/python3.10/dist-packages/pcl_msgs/srv/_update_filename.py
[4.089s] -- Symlinking: /home/kalhan/Base_Experiment/ntu_hmrs_ws/install/pcl_msgs/local/lib/python3.10/dist-packages/pcl_msgs/srv/_update_filename_s.c
[4.096s] -- Up-to-date symlink: /home/kalhan/Base_Experiment/ntu_hmrs_ws/install/pcl_msgs/local/lib/python3.10/dist-packages/pcl_msgs/pcl_msgs_s__rosidl_typesupport_fastrtps_c.cpython-310-x86_64-linux-gnu.so
[4.096s] -- Up-to-date symlink: /home/kalhan/Base_Experiment/ntu_hmrs_ws/install/pcl_msgs/local/lib/python3.10/dist-packages/pcl_msgs/pcl_msgs_s__rosidl_typesupport_introspection_c.cpython-310-x86_64-linux-gnu.so
[4.096s] -- Up-to-date symlink: /home/kalhan/Base_Experiment/ntu_hmrs_ws/install/pcl_msgs/local/lib/python3.10/dist-packages/pcl_msgs/pcl_msgs_s__rosidl_typesupport_c.cpython-310-x86_64-linux-gnu.so
[4.096s] -- Symlinking: /home/kalhan/Base_Experiment/ntu_hmrs_ws/install/pcl_msgs/share/pcl_msgs/msg/ModelCoefficients.idl
[4.101s] -- Symlinking: /home/kalhan/Base_Experiment/ntu_hmrs_ws/install/pcl_msgs/share/pcl_msgs/msg/PointIndices.idl
[4.107s] -- Symlinking: /home/kalhan/Base_Experiment/ntu_hmrs_ws/install/pcl_msgs/share/pcl_msgs/msg/PolygonMesh.idl
[4.113s] -- Symlinking: /home/kalhan/Base_Experiment/ntu_hmrs_ws/install/pcl_msgs/share/pcl_msgs/msg/Vertices.idl
[4.120s] -- Symlinking: /home/kalhan/Base_Experiment/ntu_hmrs_ws/install/pcl_msgs/share/pcl_msgs/srv/UpdateFilename.idl
[4.126s] -- Symlinking: /home/kalhan/Base_Experiment/ntu_hmrs_ws/install/pcl_msgs/share/pcl_msgs/msg/ModelCoefficients.msg
[4.131s] -- Symlinking: /home/kalhan/Base_Experiment/ntu_hmrs_ws/install/pcl_msgs/share/pcl_msgs/msg/PointIndices.msg
[4.137s] -- Symlinking: /home/kalhan/Base_Experiment/ntu_hmrs_ws/install/pcl_msgs/share/pcl_msgs/msg/PolygonMesh.msg
[4.142s] -- Symlinking: /home/kalhan/Base_Experiment/ntu_hmrs_ws/install/pcl_msgs/share/pcl_msgs/msg/Vertices.msg
[4.149s] -- Symlinking: /home/kalhan/Base_Experiment/ntu_hmrs_ws/install/pcl_msgs/share/pcl_msgs/srv/UpdateFilename.srv
[4.154s] -- Symlinking: /home/kalhan/Base_Experiment/ntu_hmrs_ws/install/pcl_msgs/share/pcl_msgs/srv/UpdateFilename_Request.msg
[4.160s] -- Symlinking: /home/kalhan/Base_Experiment/ntu_hmrs_ws/install/pcl_msgs/share/pcl_msgs/srv/UpdateFilename_Response.msg
[4.166s] -- Symlinking: /home/kalhan/Base_Experiment/ntu_hmrs_ws/install/pcl_msgs/share/ament_index/resource_index/package_run_dependencies/pcl_msgs
[4.171s] -- Symlinking: /home/kalhan/Base_Experiment/ntu_hmrs_ws/install/pcl_msgs/share/ament_index/resource_index/parent_prefix_path/pcl_msgs
[4.176s] -- Symlinking: /home/kalhan/Base_Experiment/ntu_hmrs_ws/install/pcl_msgs/share/pcl_msgs/environment/ament_prefix_path.sh
[4.183s] -- Symlinking: /home/kalhan/Base_Experiment/ntu_hmrs_ws/install/pcl_msgs/share/pcl_msgs/environment/ament_prefix_path.dsv
[4.188s] -- Symlinking: /home/kalhan/Base_Experiment/ntu_hmrs_ws/install/pcl_msgs/share/pcl_msgs/environment/path.sh
[4.194s] -- Symlinking: /home/kalhan/Base_Experiment/ntu_hmrs_ws/install/pcl_msgs/share/pcl_msgs/environment/path.dsv
[4.201s] -- Symlinking: /home/kalhan/Base_Experiment/ntu_hmrs_ws/install/pcl_msgs/share/pcl_msgs/local_setup.bash
[4.206s] -- Symlinking: /home/kalhan/Base_Experiment/ntu_hmrs_ws/install/pcl_msgs/share/pcl_msgs/local_setup.sh
[4.210s] -- Symlinking: /home/kalhan/Base_Experiment/ntu_hmrs_ws/install/pcl_msgs/share/pcl_msgs/local_setup.zsh
[4.216s] -- Symlinking: /home/kalhan/Base_Experiment/ntu_hmrs_ws/install/pcl_msgs/share/pcl_msgs/local_setup.dsv
[4.221s] -- Symlinking: /home/kalhan/Base_Experiment/ntu_hmrs_ws/install/pcl_msgs/share/pcl_msgs/package.dsv
[4.226s] -- Symlinking: /home/kalhan/Base_Experiment/ntu_hmrs_ws/install/pcl_msgs/share/ament_index/resource_index/packages/pcl_msgs
[4.232s] -- Symlinking: /home/kalhan/Base_Experiment/ntu_hmrs_ws/install/pcl_msgs/share/pcl_msgs/cmake/rosidl_cmake-extras.cmake
[4.239s] -- Symlinking: /home/kalhan/Base_Experiment/ntu_hmrs_ws/install/pcl_msgs/share/pcl_msgs/cmake/ament_cmake_export_dependencies-extras.cmake
[4.244s] -- Symlinking: /home/kalhan/Base_Experiment/ntu_hmrs_ws/install/pcl_msgs/share/pcl_msgs/cmake/ament_cmake_export_include_directories-extras.cmake
[4.252s] -- Symlinking: /home/kalhan/Base_Experiment/ntu_hmrs_ws/install/pcl_msgs/share/pcl_msgs/cmake/ament_cmake_export_libraries-extras.cmake
[4.258s] -- Symlinking: /home/kalhan/Base_Experiment/ntu_hmrs_ws/install/pcl_msgs/share/pcl_msgs/cmake/ament_cmake_export_targets-extras.cmake
[4.264s] -- Symlinking: /home/kalhan/Base_Experiment/ntu_hmrs_ws/install/pcl_msgs/share/pcl_msgs/cmake/rosidl_cmake_export_typesupport_targets-extras.cmake
[4.270s] -- Symlinking: /home/kalhan/Base_Experiment/ntu_hmrs_ws/install/pcl_msgs/share/pcl_msgs/cmake/rosidl_cmake_export_typesupport_libraries-extras.cmake
[4.277s] -- Symlinking: /home/kalhan/Base_Experiment/ntu_hmrs_ws/install/pcl_msgs/share/pcl_msgs/cmake/pcl_msgsConfig.cmake
[4.283s] -- Symlinking: /home/kalhan/Base_Experiment/ntu_hmrs_ws/install/pcl_msgs/share/pcl_msgs/cmake/pcl_msgsConfig-version.cmake
[4.289s] -- Symlinking: /home/kalhan/Base_Experiment/ntu_hmrs_ws/install/pcl_msgs/share/pcl_msgs/package.xml
[4.295s] -- Installing: /home/kalhan/Base_Experiment/ntu_hmrs_ws/install/pcl_msgs/lib/libpcl_msgs__rosidl_generator_c.so
[4.295s] -- Set runtime path of "/home/kalhan/Base_Experiment/ntu_hmrs_ws/install/pcl_msgs/lib/libpcl_msgs__rosidl_generator_c.so" to ""
[4.295s] -- Installing: /home/kalhan/Base_Experiment/ntu_hmrs_ws/install/pcl_msgs/lib/libpcl_msgs__rosidl_typesupport_fastrtps_c.so
[4.295s] -- Set runtime path of "/home/kalhan/Base_Experiment/ntu_hmrs_ws/install/pcl_msgs/lib/libpcl_msgs__rosidl_typesupport_fastrtps_c.so" to ""
[4.295s] -- Installing: /home/kalhan/Base_Experiment/ntu_hmrs_ws/install/pcl_msgs/lib/libpcl_msgs__rosidl_typesupport_introspection_c.so
[4.295s] -- Set runtime path of "/home/kalhan/Base_Experiment/ntu_hmrs_ws/install/pcl_msgs/lib/libpcl_msgs__rosidl_typesupport_introspection_c.so" to ""
[4.295s] -- Installing: /home/kalhan/Base_Experiment/ntu_hmrs_ws/install/pcl_msgs/lib/libpcl_msgs__rosidl_typesupport_c.so
[4.296s] -- Set runtime path of "/home/kalhan/Base_Experiment/ntu_hmrs_ws/install/pcl_msgs/lib/libpcl_msgs__rosidl_typesupport_c.so" to ""
[4.296s] -- Installing: /home/kalhan/Base_Experiment/ntu_hmrs_ws/install/pcl_msgs/lib/libpcl_msgs__rosidl_typesupport_fastrtps_cpp.so
[4.296s] -- Set runtime path of "/home/kalhan/Base_Experiment/ntu_hmrs_ws/install/pcl_msgs/lib/libpcl_msgs__rosidl_typesupport_fastrtps_cpp.so" to ""
[4.296s] -- Installing: /home/kalhan/Base_Experiment/ntu_hmrs_ws/install/pcl_msgs/lib/libpcl_msgs__rosidl_typesupport_introspection_cpp.so
[4.296s] -- Set runtime path of "/home/kalhan/Base_Experiment/ntu_hmrs_ws/install/pcl_msgs/lib/libpcl_msgs__rosidl_typesupport_introspection_cpp.so" to ""
[4.296s] -- Installing: /home/kalhan/Base_Experiment/ntu_hmrs_ws/install/pcl_msgs/lib/libpcl_msgs__rosidl_typesupport_cpp.so
[4.296s] -- Set runtime path of "/home/kalhan/Base_Experiment/ntu_hmrs_ws/install/pcl_msgs/lib/libpcl_msgs__rosidl_typesupport_cpp.so" to ""
[4.321s] Listing '/home/kalhan/Base_Experiment/ntu_hmrs_ws/install/pcl_msgs/local/lib/python3.10/dist-packages/pcl_msgs'...
[4.321s] Compiling '/home/kalhan/Base_Experiment/ntu_hmrs_ws/install/pcl_msgs/local/lib/python3.10/dist-packages/pcl_msgs/__init__.py'...
[4.321s] Listing '/home/kalhan/Base_Experiment/ntu_hmrs_ws/install/pcl_msgs/local/lib/python3.10/dist-packages/pcl_msgs/msg'...
[4.322s] Compiling '/home/kalhan/Base_Experiment/ntu_hmrs_ws/install/pcl_msgs/local/lib/python3.10/dist-packages/pcl_msgs/msg/__init__.py'...
[4.322s] Compiling '/home/kalhan/Base_Experiment/ntu_hmrs_ws/install/pcl_msgs/local/lib/python3.10/dist-packages/pcl_msgs/msg/_model_coefficients.py'...
[4.322s] Compiling '/home/kalhan/Base_Experiment/ntu_hmrs_ws/install/pcl_msgs/local/lib/python3.10/dist-packages/pcl_msgs/msg/_point_indices.py'...
[4.322s] Compiling '/home/kalhan/Base_Experiment/ntu_hmrs_ws/install/pcl_msgs/local/lib/python3.10/dist-packages/pcl_msgs/msg/_polygon_mesh.py'...
[4.322s] Compiling '/home/kalhan/Base_Experiment/ntu_hmrs_ws/install/pcl_msgs/local/lib/python3.10/dist-packages/pcl_msgs/msg/_vertices.py'...
[4.322s] Listing '/home/kalhan/Base_Experiment/ntu_hmrs_ws/install/pcl_msgs/local/lib/python3.10/dist-packages/pcl_msgs/srv'...
[4.322s] Compiling '/home/kalhan/Base_Experiment/ntu_hmrs_ws/install/pcl_msgs/local/lib/python3.10/dist-packages/pcl_msgs/srv/__init__.py'...
[4.322s] Compiling '/home/kalhan/Base_Experiment/ntu_hmrs_ws/install/pcl_msgs/local/lib/python3.10/dist-packages/pcl_msgs/srv/_update_filename.py'...
[4.324s] -- Installing: /home/kalhan/Base_Experiment/ntu_hmrs_ws/install/pcl_msgs/lib/libpcl_msgs__rosidl_generator_py.so
[4.324s] -- Set runtime path of "/home/kalhan/Base_Experiment/ntu_hmrs_ws/install/pcl_msgs/lib/libpcl_msgs__rosidl_generator_py.so" to ""
[4.325s] -- Installing: /home/kalhan/Base_Experiment/ntu_hmrs_ws/install/pcl_msgs/share/pcl_msgs/cmake/export_pcl_msgs__rosidl_generator_cExport.cmake
[4.325s] -- Installing: /home/kalhan/Base_Experiment/ntu_hmrs_ws/install/pcl_msgs/share/pcl_msgs/cmake/export_pcl_msgs__rosidl_generator_cExport-noconfig.cmake
[4.325s] -- Installing: /home/kalhan/Base_Experiment/ntu_hmrs_ws/install/pcl_msgs/share/pcl_msgs/cmake/export_pcl_msgs__rosidl_typesupport_fastrtps_cExport.cmake
[4.325s] -- Installing: /home/kalhan/Base_Experiment/ntu_hmrs_ws/install/pcl_msgs/share/pcl_msgs/cmake/export_pcl_msgs__rosidl_typesupport_fastrtps_cExport-noconfig.cmake
[4.325s] -- Installing: /home/kalhan/Base_Experiment/ntu_hmrs_ws/install/pcl_msgs/share/pcl_msgs/cmake/pcl_msgs__rosidl_typesupport_introspection_cExport.cmake
[4.325s] -- Installing: /home/kalhan/Base_Experiment/ntu_hmrs_ws/install/pcl_msgs/share/pcl_msgs/cmake/pcl_msgs__rosidl_typesupport_introspection_cExport-noconfig.cmake
[4.325s] -- Installing: /home/kalhan/Base_Experiment/ntu_hmrs_ws/install/pcl_msgs/share/pcl_msgs/cmake/pcl_msgs__rosidl_typesupport_cExport.cmake
[4.325s] -- Installing: /home/kalhan/Base_Experiment/ntu_hmrs_ws/install/pcl_msgs/share/pcl_msgs/cmake/pcl_msgs__rosidl_typesupport_cExport-noconfig.cmake
[4.325s] -- Installing: /home/kalhan/Base_Experiment/ntu_hmrs_ws/install/pcl_msgs/share/pcl_msgs/cmake/export_pcl_msgs__rosidl_generator_cppExport.cmake
[4.325s] -- Installing: /home/kalhan/Base_Experiment/ntu_hmrs_ws/install/pcl_msgs/share/pcl_msgs/cmake/export_pcl_msgs__rosidl_typesupport_fastrtps_cppExport.cmake
[4.325s] -- Installing: /home/kalhan/Base_Experiment/ntu_hmrs_ws/install/pcl_msgs/share/pcl_msgs/cmake/export_pcl_msgs__rosidl_typesupport_fastrtps_cppExport-noconfig.cmake
[4.325s] -- Installing: /home/kalhan/Base_Experiment/ntu_hmrs_ws/install/pcl_msgs/share/pcl_msgs/cmake/pcl_msgs__rosidl_typesupport_introspection_cppExport.cmake
[4.325s] -- Installing: /home/kalhan/Base_Experiment/ntu_hmrs_ws/install/pcl_msgs/share/pcl_msgs/cmake/pcl_msgs__rosidl_typesupport_introspection_cppExport-noconfig.cmake
[4.326s] -- Installing: /home/kalhan/Base_Experiment/ntu_hmrs_ws/install/pcl_msgs/share/pcl_msgs/cmake/pcl_msgs__rosidl_typesupport_cppExport.cmake
[4.326s] -- Installing: /home/kalhan/Base_Experiment/ntu_hmrs_ws/install/pcl_msgs/share/pcl_msgs/cmake/pcl_msgs__rosidl_typesupport_cppExport-noconfig.cmake
[4.326s] -- Installing: /home/kalhan/Base_Experiment/ntu_hmrs_ws/install/pcl_msgs/share/pcl_msgs/cmake/export_pcl_msgs__rosidl_generator_pyExport.cmake
[4.326s] -- Installing: /home/kalhan/Base_Experiment/ntu_hmrs_ws/install/pcl_msgs/share/pcl_msgs/cmake/export_pcl_msgs__rosidl_generator_pyExport-noconfig.cmake
[4.327s] Invoked command in '/home/kalhan/Base_Experiment/ntu_hmrs_ws/build/pcl_msgs' returned '0': CMAKE_PREFIX_PATH=/opt/ros/humble /usr/bin/cmake --install /home/kalhan/Base_Experiment/ntu_hmrs_ws/build/pcl_msgs
