[0.010s] Invoking command in '/home/kalhan/Base_Experiment/ntu_hmrs_ws/build/odom_to_tf_ros2': CMAKE_PREFIX_PATH=/opt/ros/humble /usr/bin/cmake /home/kalhan/Base_Experiment/ntu_hmrs_ws/src/odom_to_tf_ros2 -DAMENT_CMAKE_SYMLINK_INSTALL=1 -DCMAKE_INSTALL_PREFIX=/home/kalhan/Base_Experiment/ntu_hmrs_ws/install/odom_to_tf_ros2
[0.050s] -- The C compiler identification is GNU 11.4.0
[0.089s] -- The CXX compiler identification is GNU 11.4.0
[0.093s] -- Detecting C compiler ABI info
[0.144s] -- Detecting C compiler ABI info - done
[0.149s] -- Check for working C compiler: /usr/bin/cc - skipped
[0.149s] -- Detecting C compile features
[0.149s] -- Detecting C compile features - done
[0.151s] -- Detecting CXX compiler ABI info
[0.207s] -- Detecting CXX compiler ABI info - done
[0.212s] -- Check for working CXX compiler: /usr/bin/c++ - skipped
[0.212s] -- Detecting CXX compile features
[0.212s] -- Detecting CXX compile features - done
[0.214s] -- Found ament_cmake: 1.3.10 (/opt/ros/humble/share/ament_cmake/cmake)
[0.321s] -- Found Python3: /usr/bin/python3 (found version "3.10.12") found components: Interpreter 
[0.368s] -- Override CMake install command with custom implementation using symlinks instead of copying resources
[0.392s] -- Found rclcpp: 16.0.10 (/opt/ros/humble/share/rclcpp/cmake)
[0.425s] -- Found rosidl_generator_c: 3.1.5 (/opt/ros/humble/share/rosidl_generator_c/cmake)
[0.428s] -- Found rosidl_adapter: 3.1.5 (/opt/ros/humble/share/rosidl_adapter/cmake)
[0.433s] -- Found rosidl_generator_cpp: 3.1.5 (/opt/ros/humble/share/rosidl_generator_cpp/cmake)
[0.441s] -- Using all available rosidl_typesupport_c: rosidl_typesupport_fastrtps_c;rosidl_typesupport_introspection_c
[0.451s] -- Using all available rosidl_typesupport_cpp: rosidl_typesupport_fastrtps_cpp;rosidl_typesupport_introspection_cpp
[0.479s] -- Found rmw_implementation_cmake: 6.1.2 (/opt/ros/humble/share/rmw_implementation_cmake/cmake)
[0.481s] -- Found rmw_fastrtps_cpp: 6.2.7 (/opt/ros/humble/share/rmw_fastrtps_cpp/cmake)
[0.544s] -- Found OpenSSL: /usr/lib/x86_64-linux-gnu/libcrypto.so (found version "3.0.2")  
[0.566s] -- Found FastRTPS: /opt/ros/humble/include  
[0.599s] -- Using RMW implementation 'rmw_fastrtps_cpp' as default
[0.607s] -- Looking for pthread.h
[0.659s] -- Looking for pthread.h - found
[0.659s] -- Performing Test CMAKE_HAVE_LIBC_PTHREAD
[0.718s] -- Performing Test CMAKE_HAVE_LIBC_PTHREAD - Success
[0.719s] -- Found Threads: TRUE  
[0.766s] -- Found tf2_ros: 0.25.8 (/opt/ros/humble/share/tf2_ros/cmake)
[0.839s] -- Found nav_msgs: 4.2.4 (/opt/ros/humble/share/nav_msgs/cmake)
[0.851s] -- Found ament_lint_auto: 0.12.11 (/opt/ros/humble/share/ament_lint_auto/cmake)
[0.911s] -- Added test 'copyright' to check source files copyright and LICENSE
[0.912s] -- Added test 'cppcheck' to perform static code analysis on C / C++ code
[0.912s] -- Configured cppcheck include dirs: 
[0.912s] -- Configured cppcheck exclude dirs and/or files: 
[0.913s] -- Added test 'cpplint' to check C / C++ code against the Google style
[0.913s] -- Configured cpplint exclude dirs and/or files: 
[0.913s] -- Added test 'flake8' to check Python code syntax and style conventions
[0.914s] -- Added test 'lint_cmake' to check CMake code style
[0.914s] -- Added test 'pep257' to check Python code against some of the docstring style conventions in PEP 257
[0.915s] -- Added test 'uncrustify' to check C / C++ code style
[0.915s] -- Configured uncrustify additional arguments: 
[0.915s] -- Added test 'xmllint' to check XML markup files
[0.916s] -- Configuring done
[0.926s] -- Generating done
[0.927s] -- Build files have been written to: /home/kalhan/Base_Experiment/ntu_hmrs_ws/build/odom_to_tf_ros2
[0.933s] Invoked command in '/home/kalhan/Base_Experiment/ntu_hmrs_ws/build/odom_to_tf_ros2' returned '0': CMAKE_PREFIX_PATH=/opt/ros/humble /usr/bin/cmake /home/kalhan/Base_Experiment/ntu_hmrs_ws/src/odom_to_tf_ros2 -DAMENT_CMAKE_SYMLINK_INSTALL=1 -DCMAKE_INSTALL_PREFIX=/home/kalhan/Base_Experiment/ntu_hmrs_ws/install/odom_to_tf_ros2
[0.935s] Invoking command in '/home/kalhan/Base_Experiment/ntu_hmrs_ws/build/odom_to_tf_ros2': CMAKE_PREFIX_PATH=/opt/ros/humble /usr/bin/cmake --build /home/kalhan/Base_Experiment/ntu_hmrs_ws/build/odom_to_tf_ros2 -- -j32 -l32
[0.972s] [ 50%] [32mBuilding CXX object CMakeFiles/odom_to_tf.dir/src/odom_to_tf.cpp.o[0m
[6.342s] [100%] [32m[1mLinking CXX executable odom_to_tf[0m
[6.610s] [100%] Built target odom_to_tf
[6.618s] Invoked command in '/home/kalhan/Base_Experiment/ntu_hmrs_ws/build/odom_to_tf_ros2' returned '0': CMAKE_PREFIX_PATH=/opt/ros/humble /usr/bin/cmake --build /home/kalhan/Base_Experiment/ntu_hmrs_ws/build/odom_to_tf_ros2 -- -j32 -l32
[6.640s] Invoking command in '/home/kalhan/Base_Experiment/ntu_hmrs_ws/build/odom_to_tf_ros2': CMAKE_PREFIX_PATH=/opt/ros/humble /usr/bin/cmake --install /home/kalhan/Base_Experiment/ntu_hmrs_ws/build/odom_to_tf_ros2
[6.645s] -- Install configuration: ""
[6.645s] -- Execute custom install script
[6.645s] -- Symlinking: /home/kalhan/Base_Experiment/ntu_hmrs_ws/install/odom_to_tf_ros2/lib/odom_to_tf_ros2/odom_to_tf
[6.652s] -- Symlinking: /home/kalhan/Base_Experiment/ntu_hmrs_ws/install/odom_to_tf_ros2/share/odom_to_tf_ros2//launch/atlas_odom_to_tf.launch.py
[6.658s] -- Symlinking: /home/kalhan/Base_Experiment/ntu_hmrs_ws/install/odom_to_tf_ros2/share/ament_index/resource_index/package_run_dependencies/odom_to_tf_ros2
[6.665s] -- Symlinking: /home/kalhan/Base_Experiment/ntu_hmrs_ws/install/odom_to_tf_ros2/share/ament_index/resource_index/parent_prefix_path/odom_to_tf_ros2
[6.670s] -- Symlinking: /home/kalhan/Base_Experiment/ntu_hmrs_ws/install/odom_to_tf_ros2/share/odom_to_tf_ros2/environment/ament_prefix_path.sh
[6.675s] -- Symlinking: /home/kalhan/Base_Experiment/ntu_hmrs_ws/install/odom_to_tf_ros2/share/odom_to_tf_ros2/environment/ament_prefix_path.dsv
[6.680s] -- Symlinking: /home/kalhan/Base_Experiment/ntu_hmrs_ws/install/odom_to_tf_ros2/share/odom_to_tf_ros2/environment/path.sh
[6.687s] -- Symlinking: /home/kalhan/Base_Experiment/ntu_hmrs_ws/install/odom_to_tf_ros2/share/odom_to_tf_ros2/environment/path.dsv
[6.693s] -- Symlinking: /home/kalhan/Base_Experiment/ntu_hmrs_ws/install/odom_to_tf_ros2/share/odom_to_tf_ros2/local_setup.bash
[6.698s] -- Symlinking: /home/kalhan/Base_Experiment/ntu_hmrs_ws/install/odom_to_tf_ros2/share/odom_to_tf_ros2/local_setup.sh
[6.704s] -- Symlinking: /home/kalhan/Base_Experiment/ntu_hmrs_ws/install/odom_to_tf_ros2/share/odom_to_tf_ros2/local_setup.zsh
[6.710s] -- Symlinking: /home/kalhan/Base_Experiment/ntu_hmrs_ws/install/odom_to_tf_ros2/share/odom_to_tf_ros2/local_setup.dsv
[6.716s] -- Symlinking: /home/kalhan/Base_Experiment/ntu_hmrs_ws/install/odom_to_tf_ros2/share/odom_to_tf_ros2/package.dsv
[6.721s] -- Symlinking: /home/kalhan/Base_Experiment/ntu_hmrs_ws/install/odom_to_tf_ros2/share/ament_index/resource_index/packages/odom_to_tf_ros2
[6.728s] -- Symlinking: /home/kalhan/Base_Experiment/ntu_hmrs_ws/install/odom_to_tf_ros2/share/odom_to_tf_ros2/cmake/odom_to_tf_ros2Config.cmake
[6.735s] -- Symlinking: /home/kalhan/Base_Experiment/ntu_hmrs_ws/install/odom_to_tf_ros2/share/odom_to_tf_ros2/cmake/odom_to_tf_ros2Config-version.cmake
[6.740s] -- Symlinking: /home/kalhan/Base_Experiment/ntu_hmrs_ws/install/odom_to_tf_ros2/share/odom_to_tf_ros2/package.xml
[6.747s] Invoked command in '/home/kalhan/Base_Experiment/ntu_hmrs_ws/build/odom_to_tf_ros2' returned '0': CMAKE_PREFIX_PATH=/opt/ros/humble /usr/bin/cmake --install /home/kalhan/Base_Experiment/ntu_hmrs_ws/build/odom_to_tf_ros2
